#
# A fatal error has been detected by the Java Runtime Environment:
#
#  EXCEPTION_ACCESS_VIOLATION (0xc0000005) at pc=0x00007fff1245fa16, pid=5944, tid=2716
#
# JRE version: OpenJDK Runtime Environment (11.0.7+10) (build 11.0.7+10)
# Java VM: OpenJDK 64-Bit Server VM (11.0.7+10, mixed mode, tiered, compressed oops, g1 gc, windows-amd64)
# Problematic frame:
# C  [awt.dll+0x8fa16]
#
# No core dump will be written. Minidumps are not enabled by default on client versions of Windows
#
# If you would like to submit a bug report, please visit:
#   https://github.com/AdoptOpenJDK/openjdk-support/issues
# The crash happened outside the Java Virtual Machine in native code.
# See problematic frame for where to report the bug.
#

---------------  S U M M A R Y ------------

Command Line: -agentlib:jdwp=transport=dt_socket,server=n,suspend=y,address=localhost:58712 -Dfile.encoding=UTF-8 Main

Host: Intel(R) Core(TM) i7-4710MQ CPU @ 2.50GHz, 8 cores, 7G,  Windows 10 , 64 bit Build 19041 (10.0.19041.928)
Time: Sat May 22 00:19:57 2021 ìåãû (ïWèÄéû) elapsed time: 0 seconds (0d 0h 0m 0s)

---------------  T H R E A D  ---------------

Current thread (0x0000024b45c7b800):  JavaThread "main" [_thread_in_native, id=2716, stack(0x0000005639800000,0x0000005639900000)]

Stack: [0x0000005639800000,0x0000005639900000],  sp=0x00000056398feb60,  free space=1018k
Native frames: (J=compiled Java code, j=interpreted, Vv=VM code, C=native code)
C  [awt.dll+0x8fa16]

Java frames: (J=compiled Java code, j=interpreted, Vv=VM code)
j  sun.awt.windows.WComponentPeer._setFont(Ljava/awt/Font;)V+0 java.desktop@11.0.7
j  sun.awt.windows.WComponentPeer.setFont(Ljava/awt/Font;)V+7 java.desktop@11.0.7
j  sun.awt.windows.WWindowPeer.initialize()V+42 java.desktop@11.0.7
j  sun.awt.windows.WFramePeer.initialize()V+1 java.desktop@11.0.7
j  sun.awt.windows.WComponentPeer.<init>(Ljava/awt/Component;)V+83 java.desktop@11.0.7
j  sun.awt.windows.WCanvasPeer.<init>(Ljava/awt/Component;)V+2 java.desktop@11.0.7
j  sun.awt.windows.WPanelPeer.<init>(Ljava/awt/Component;)V+2 java.desktop@11.0.7
j  sun.awt.windows.WWindowPeer.<init>(Ljava/awt/Window;)V+2 java.desktop@11.0.7
j  sun.awt.windows.WFramePeer.<init>(Ljava/awt/Frame;)V+2 java.desktop@11.0.7
j  sun.awt.windows.WToolkit.createFrame(Ljava/awt/Frame;)Ljava/awt/peer/FramePeer;+5 java.desktop@11.0.7
j  java.awt.Frame.addNotify()V+20 java.desktop@11.0.7
j  java.awt.Window.show()V+8 java.desktop@11.0.7
j  java.awt.Component.show(Z)V+5 java.desktop@11.0.7
j  java.awt.Component.setVisible(Z)V+2 java.desktop@11.0.7
j  java.awt.Window.setVisible(Z)V+2 java.desktop@11.0.7
j  Main.init()V+171
j  Main.<init>()V+38
j  Main.main([Ljava/lang/String;)V+3
v  ~StubRoutines::call_stub

siginfo: EXCEPTION_ACCESS_VIOLATION (0xc0000005), reading address 0x0000000000000058


Register to memory mapping:

RIP=0x00007fff1245fa16 awt.dll
RAX=0x00007fff124db680 awt.dll
RBX=0x0000024b45c7bb40 points into unknown readable memory: 00 bc 60 15 ff 7f 00 00
RCX=0x0000024b665c2100 points into unknown readable memory: 80 b6 4d 12 ff 7f 00 00
RDX=0x0 is NULL
RSP=0x00000056398feb60 is pointing into the stack for thread: 0x0000024b45c7b800
RBP=0x0 is NULL
RSI=0x0000024b6651c640 is a global jni handle
RDI=0x0000024b6651c648 is a global jni handle
R8 =0x0000000000000004 is an unknown value
R9 =0x00000001000a60f8 is a pointer to class: 
java.awt.Font {0x00000001000a6100}
R10=0x0000000000008000 is an unknown value
R11=0x00000056398feb60 is pointing into the stack for thread: 0x0000024b45c7b800
R12=0x0 is NULL
R13={method} {0x0000024b65a18558} '_setFont' '(Ljava/awt/Font;)V' in 'sun/awt/windows/WComponentPeer'
R14=0x0000024b665c2100 points into unknown readable memory: 80 b6 4d 12 ff 7f 00 00
R15=0x0000024b666db550 points into unknown readable memory: 40 c6 51 66 4b 02 00 00


Registers:
RAX=0x00007fff124db680, RBX=0x0000024b45c7bb40, RCX=0x0000024b665c2100, RDX=0x0000000000000000
RSP=0x00000056398feb60, RBP=0x0000000000000000, RSI=0x0000024b6651c640, RDI=0x0000024b6651c648
R8 =0x0000000000000004, R9 =0x00000001000a60f8, R10=0x0000000000008000, R11=0x00000056398feb60
R12=0x0000000000000000, R13=0x0000024b65a18550, R14=0x0000024b665c2100, R15=0x0000024b666db550
RIP=0x00007fff1245fa16, EFLAGS=0x0000000000010206

Top of Stack: (sp=0x00000056398feb60)
0x00000056398feb60:   0000024b666db550 0000024b665c2100
0x00000056398feb70:   0000024b666db550 0000024b665c2100
0x00000056398feb80:   0000024b6651c648 00007fff12464921
0x00000056398feb90:   0000024b45c7bb40 0000024b45c7bb40
0x00000056398feba0:   0000000000000000 0000024b6651c640
0x00000056398febb0:   0000024b45c7b800 00000056398fed08
0x00000056398febc0:   0000024b666db550 00007fff1249dbcb
0x00000056398febd0:   00007fff12521078 00000056398fece0
0x00000056398febe0:   00007fff124647f4 0000000000000000
0x00000056398febf0:   fffffffffffffffe fffffffffffffffe
0x00000056398fec00:   0000024b6651c640 00007fff12465ae8
0x00000056398fec10:   0000024b6651c648 00000056398fed00
0x00000056398fec20:   00000056398fed00 00007fff12521078
0x00000056398fec30:   fffffffffffffffe 00007fff14fdf6ac
0x00000056398fec40:   0000024b4e2fc948 0000024b4e307282
0x00000056398fec50:   0000024b65a18550 00000000000002b8 

Instructions: (pc=0x00007fff1245fa16)
0x00007fff1245f916:   00 48 8b d9 e8 d9 dc ff ff 48 8b f8 48 85 c0 75
0x00007fff1245f926:   04 48 8b 7b 48 48 8b cf e8 50 19 05 00 48 8b d8
0x00007fff1245f936:   48 85 c0 74 60 83 64 24 20 00 0f 57 c0 83 64 24
0x00007fff1245f946:   34 00 b9 11 00 00 00 83 64 24 38 00 f3 0f 7f 44
0x00007fff1245f956:   24 24 ff 15 da d9 0b 00 4c 8d 44 24 40 ba 5c 00
0x00007fff1245f966:   00 00 48 8b c8 ff 15 7f dc 0b 00 83 f8 5c 75 0d
0x00007fff1245f976:   48 8d 54 24 40 48 8b cb e8 af 19 05 00 48 8d 54
0x00007fff1245f986:   24 20 48 8b cb e8 c6 19 05 00 48 8b d3 48 8b cf
0x00007fff1245f996:   e8 73 19 05 00 48 8b 8c 24 a0 00 00 00 48 33 cc
0x00007fff1245f9a6:   e8 a5 26 05 00 48 8b 9c 24 c8 00 00 00 48 81 c4
0x00007fff1245f9b6:   b0 00 00 00 5f c3 40 53 48 83 ec 20 48 8b d9 ff
0x00007fff1245f9c6:   15 bd e1 0b 00 48 85 c0 75 0a 48 8b 4b 48 ff 15
0x00007fff1245f9d6:   a6 e1 0b 00 48 83 c4 20 5b c3 4c 63 c2 48 8b 15
0x00007fff1245f9e6:   5e c5 0b 00 48 ff 25 37 e0 0b 00 cc cc cc 48 8b
0x00007fff1245f9f6:   d1 48 8b 0d 82 f5 0b 00 48 89 15 7b f5 0b 00 e9
0x00007fff1245fa06:   5a 67 04 00 cc cc 48 89 5c 24 08 57 48 83 ec 20
0x00007fff1245fa16:   83 7a 58 00 48 8b da 48 8b f9 7d 08 48 8b ca e8
0x00007fff1245fa26:   32 95 01 00 4c 8b 43 48 45 33 c9 48 8b 4f 48 4d
0x00007fff1245fa36:   8b 00 41 8d 51 30 ff 15 ae e2 0b 00 48 8b 4f 48
0x00007fff1245fa46:   33 d2 44 8d 42 01 48 8b 5c 24 30 48 83 c4 20 5f
0x00007fff1245fa56:   48 ff 25 4b e1 0b 00 cc cc cc 48 8b c4 48 89 58
0x00007fff1245fa66:   08 48 89 68 10 48 89 70 18 48 89 78 20 41 56 48
0x00007fff1245fa76:   83 ec 20 4c 8b f2 48 8b f9 48 8b 0d f2 13 0c 00
0x00007fff1245fa86:   ba 02 00 01 00 41 8b e8 e8 c0 24 05 00 48 8b 97
0x00007fff1245fa96:   c0 00 00 00 33 db 48 8b f0 48 85 d2 74 0d 4c 8b
0x00007fff1245faa6:   08 48 8b c8 41 ff 91 b0 00 00 00 4d 85 f6 74 14
0x00007fff1245fab6:   48 8b 06 49 8b d6 48 8b ce ff 90 a8 00 00 00 48
0x00007fff1245fac6:   8b d8 eb 05 bd 01 00 00 00 48 89 9f c0 00 00 00
0x00007fff1245fad6:   89 af c8 00 00 00 48 8b 5c 24 30 48 8b 6c 24 38
0x00007fff1245fae6:   48 8b 74 24 40 48 8b 7c 24 48 48 83 c4 20 41 5e
0x00007fff1245faf6:   c3 cc 48 89 5c 24 08 48 89 6c 24 10 48 89 74 24
0x00007fff1245fb06:   18 57 48 83 ec 20 33 db 48 8b f9 48 85 c9 75 09 


Stack slot to memory mapping:
stack at sp + 0 slots: 0x0000024b666db550 points into unknown readable memory: 40 c6 51 66 4b 02 00 00
stack at sp + 1 slots: 0x0000024b665c2100 points into unknown readable memory: 80 b6 4d 12 ff 7f 00 00
stack at sp + 2 slots: 0x0000024b666db550 points into unknown readable memory: 40 c6 51 66 4b 02 00 00
stack at sp + 3 slots: 0x0000024b665c2100 points into unknown readable memory: 80 b6 4d 12 ff 7f 00 00
stack at sp + 4 slots: 0x0000024b6651c648 is a global jni handle
stack at sp + 5 slots: 0x00007fff12464921 awt.dll
stack at sp + 6 slots: 0x0000024b45c7bb40 points into unknown readable memory: 00 bc 60 15 ff 7f 00 00
stack at sp + 7 slots: 0x0000024b45c7bb40 points into unknown readable memory: 00 bc 60 15 ff 7f 00 00


---------------  P R O C E S S  ---------------

Threads class SMR info:
_java_thread_list=0x0000024b66568ba0, length=18, elements={
0x0000024b45c7b800, 0x0000024b653c9000, 0x0000024b653d2000, 0x0000024b653eb800,
0x0000024b653ed000, 0x0000024b653ee800, 0x0000024b65cec000, 0x0000024b653f5000,
0x0000024b65e7f800, 0x0000024b65e80000, 0x0000024b65e81000, 0x0000024b65e8c800,
0x0000024b65e95800, 0x0000024b6658f800, 0x0000024b66590000, 0x0000024b66591000,
0x0000024b665ff000, 0x0000024b666d8800
}

Java Threads: ( => current thread )
=>0x0000024b45c7b800 JavaThread "main" [_thread_in_native, id=2716, stack(0x0000005639800000,0x0000005639900000)]
  0x0000024b653c9000 JavaThread "Reference Handler" daemon [_thread_blocked, id=13916, stack(0x0000005639f00000,0x000000563a000000)]
  0x0000024b653d2000 JavaThread "Finalizer" daemon [_thread_blocked, id=15516, stack(0x000000563a000000,0x000000563a100000)]
  0x0000024b653eb800 JavaThread "Signal Dispatcher" daemon [_thread_blocked, id=17216, stack(0x000000563a100000,0x000000563a200000)]
  0x0000024b653ed000 JavaThread "Attach Listener" daemon [_thread_blocked, id=12340, stack(0x000000563a200000,0x000000563a300000)]
  0x0000024b653ee800 JavaThread "C2 CompilerThread0" daemon [_thread_in_native, id=3920, stack(0x000000563a300000,0x000000563a400000)]
  0x0000024b65cec000 JavaThread "C1 CompilerThread0" daemon [_thread_blocked, id=10928, stack(0x000000563a400000,0x000000563a500000)]
  0x0000024b653f5000 JavaThread "Sweeper thread" daemon [_thread_blocked, id=5308, stack(0x000000563a500000,0x000000563a600000)]
  0x0000024b65e7f800 JavaThread "JDWP Transport Listener: dt_socket" daemon [_thread_blocked, id=16376, stack(0x000000563a600000,0x000000563a700000)]
  0x0000024b65e80000 JavaThread "JDWP Event Helper Thread" daemon [_thread_blocked, id=7844, stack(0x000000563a700000,0x000000563a800000)]
  0x0000024b65e81000 JavaThread "JDWP Command Reader" daemon [_thread_in_native, id=12780, stack(0x000000563a800000,0x000000563a900000)]
  0x0000024b65e8c800 JavaThread "Service Thread" daemon [_thread_blocked, id=5604, stack(0x000000563a900000,0x000000563aa00000)]
  0x0000024b65e95800 JavaThread "Common-Cleaner" daemon [_thread_blocked, id=11188, stack(0x000000563ab00000,0x000000563ac00000)]
  0x0000024b6658f800 JavaThread "Java2D Disposer" daemon [_thread_blocked, id=5492, stack(0x000000563ac00000,0x000000563ad00000)]
  0x0000024b66590000 JavaThread "AWT-Shutdown" [_thread_blocked, id=2064, stack(0x000000563ad00000,0x000000563ae00000)]
  0x0000024b66591000 JavaThread "AWT-Windows" daemon [_thread_in_native, id=12136, stack(0x000000563ae00000,0x000000563af00000)]
  0x0000024b665ff000 JavaThread "AWT-EventQueue-0" [_thread_blocked, id=8388, stack(0x000000563af00000,0x000000563b000000)]
  0x0000024b666d8800 JavaThread "C2 CompilerThread1" daemon [_thread_blocked, id=15828, stack(0x000000563b000000,0x000000563b100000)]

Other Threads:
  0x0000024b653a4000 VMThread "VM Thread" [stack: 0x0000005639e00000,0x0000005639f00000] [id=10360]
  0x0000024b65e8e800 WatcherThread [stack: 0x000000563aa00000,0x000000563ab00000] [id=12228]
  0x0000024b45c92000 GCTaskThread "GC Thread#0" [stack: 0x0000005639900000,0x0000005639a00000] [id=17252]
  0x0000024b45cc5800 ConcurrentGCThread "G1 Main Marker" [stack: 0x0000005639a00000,0x0000005639b00000] [id=6520]
  0x0000024b45cc6800 ConcurrentGCThread "G1 Conc#0" [stack: 0x0000005639b00000,0x0000005639c00000] [id=16092]
  0x0000024b65210800 ConcurrentGCThread "G1 Refine#0" [stack: 0x0000005639c00000,0x0000005639d00000] [id=2620]
  0x0000024b65211800 ConcurrentGCThread "G1 Young RemSet Sampling" [stack: 0x0000005639d00000,0x0000005639e00000] [id=4636]

Threads with active compile tasks:
C2 CompilerThread0    824  519       4       jdk.internal.org.objectweb.asm.Frame::execute (2264 bytes)

VM state:not at safepoint (normal execution)

VM Mutex/Monitor currently owned by a thread: None

Heap address: 0x0000000081200000, size: 2030 MB, Compressed Oops mode: 32-bit
Narrow klass base: 0x0000000000000000, Narrow klass shift: 3
Compressed class space size: 1073741824 Address: 0x0000000100000000

Heap:
 garbage-first heap   total 131072K, used 7168K [0x0000000081200000, 0x0000000100000000)
  region size 1024K, 8 young (8192K), 0 survivors (0K)
 Metaspace       used 10355K, capacity 10650K, committed 10880K, reserved 1058816K
  class space    used 1040K, capacity 1149K, committed 1152K, reserved 1048576K
Heap Regions: E=young(eden), S=young(survivor), O=old, HS=humongous(starts), HC=humongous(continues), CS=collection set, F=free, A=archive, TAMS=top-at-mark-start (previous, next)
|   0|0x0000000081200000, 0x0000000081200000, 0x0000000081300000|  0%| F|  |TAMS 0x0000000081200000, 0x0000000081200000| Untracked 
|   1|0x0000000081300000, 0x0000000081300000, 0x0000000081400000|  0%| F|  |TAMS 0x0000000081300000, 0x0000000081300000| Untracked 
|   2|0x0000000081400000, 0x0000000081400000, 0x0000000081500000|  0%| F|  |TAMS 0x0000000081400000, 0x0000000081400000| Untracked 
|   3|0x0000000081500000, 0x0000000081500000, 0x0000000081600000|  0%| F|  |TAMS 0x0000000081500000, 0x0000000081500000| Untracked 
|   4|0x0000000081600000, 0x0000000081600000, 0x0000000081700000|  0%| F|  |TAMS 0x0000000081600000, 0x0000000081600000| Untracked 
|   5|0x0000000081700000, 0x0000000081700000, 0x0000000081800000|  0%| F|  |TAMS 0x0000000081700000, 0x0000000081700000| Untracked 
|   6|0x0000000081800000, 0x0000000081800000, 0x0000000081900000|  0%| F|  |TAMS 0x0000000081800000, 0x0000000081800000| Untracked 
|   7|0x0000000081900000, 0x0000000081900000, 0x0000000081a00000|  0%| F|  |TAMS 0x0000000081900000, 0x0000000081900000| Untracked 
|   8|0x0000000081a00000, 0x0000000081a00000, 0x0000000081b00000|  0%| F|  |TAMS 0x0000000081a00000, 0x0000000081a00000| Untracked 
|   9|0x0000000081b00000, 0x0000000081b00000, 0x0000000081c00000|  0%| F|  |TAMS 0x0000000081b00000, 0x0000000081b00000| Untracked 
|  10|0x0000000081c00000, 0x0000000081c00000, 0x0000000081d00000|  0%| F|  |TAMS 0x0000000081c00000, 0x0000000081c00000| Untracked 
|  11|0x0000000081d00000, 0x0000000081d00000, 0x0000000081e00000|  0%| F|  |TAMS 0x0000000081d00000, 0x0000000081d00000| Untracked 
|  12|0x0000000081e00000, 0x0000000081e00000, 0x0000000081f00000|  0%| F|  |TAMS 0x0000000081e00000, 0x0000000081e00000| Untracked 
|  13|0x0000000081f00000, 0x0000000081f00000, 0x0000000082000000|  0%| F|  |TAMS 0x0000000081f00000, 0x0000000081f00000| Untracked 
|  14|0x0000000082000000, 0x0000000082000000, 0x0000000082100000|  0%| F|  |TAMS 0x0000000082000000, 0x0000000082000000| Untracked 
|  15|0x0000000082100000, 0x0000000082100000, 0x0000000082200000|  0%| F|  |TAMS 0x0000000082100000, 0x0000000082100000| Untracked 
|  16|0x0000000082200000, 0x0000000082200000, 0x0000000082300000|  0%| F|  |TAMS 0x0000000082200000, 0x0000000082200000| Untracked 
|  17|0x0000000082300000, 0x0000000082300000, 0x0000000082400000|  0%| F|  |TAMS 0x0000000082300000, 0x0000000082300000| Untracked 
|  18|0x0000000082400000, 0x0000000082400000, 0x0000000082500000|  0%| F|  |TAMS 0x0000000082400000, 0x0000000082400000| Untracked 
|  19|0x0000000082500000, 0x0000000082500000, 0x0000000082600000|  0%| F|  |TAMS 0x0000000082500000, 0x0000000082500000| Untracked 
|  20|0x0000000082600000, 0x0000000082600000, 0x0000000082700000|  0%| F|  |TAMS 0x0000000082600000, 0x0000000082600000| Untracked 
|  21|0x0000000082700000, 0x0000000082700000, 0x0000000082800000|  0%| F|  |TAMS 0x0000000082700000, 0x0000000082700000| Untracked 
|  22|0x0000000082800000, 0x0000000082800000, 0x0000000082900000|  0%| F|  |TAMS 0x0000000082800000, 0x0000000082800000| Untracked 
|  23|0x0000000082900000, 0x0000000082900000, 0x0000000082a00000|  0%| F|  |TAMS 0x0000000082900000, 0x0000000082900000| Untracked 
|  24|0x0000000082a00000, 0x0000000082a00000, 0x0000000082b00000|  0%| F|  |TAMS 0x0000000082a00000, 0x0000000082a00000| Untracked 
|  25|0x0000000082b00000, 0x0000000082b00000, 0x0000000082c00000|  0%| F|  |TAMS 0x0000000082b00000, 0x0000000082b00000| Untracked 
|  26|0x0000000082c00000, 0x0000000082c00000, 0x0000000082d00000|  0%| F|  |TAMS 0x0000000082c00000, 0x0000000082c00000| Untracked 
|  27|0x0000000082d00000, 0x0000000082d00000, 0x0000000082e00000|  0%| F|  |TAMS 0x0000000082d00000, 0x0000000082d00000| Untracked 
|  28|0x0000000082e00000, 0x0000000082e00000, 0x0000000082f00000|  0%| F|  |TAMS 0x0000000082e00000, 0x0000000082e00000| Untracked 
|  29|0x0000000082f00000, 0x0000000082f00000, 0x0000000083000000|  0%| F|  |TAMS 0x0000000082f00000, 0x0000000082f00000| Untracked 
|  30|0x0000000083000000, 0x0000000083000000, 0x0000000083100000|  0%| F|  |TAMS 0x0000000083000000, 0x0000000083000000| Untracked 
|  31|0x0000000083100000, 0x0000000083100000, 0x0000000083200000|  0%| F|  |TAMS 0x0000000083100000, 0x0000000083100000| Untracked 
|  32|0x0000000083200000, 0x0000000083200000, 0x0000000083300000|  0%| F|  |TAMS 0x0000000083200000, 0x0000000083200000| Untracked 
|  33|0x0000000083300000, 0x0000000083300000, 0x0000000083400000|  0%| F|  |TAMS 0x0000000083300000, 0x0000000083300000| Untracked 
|  34|0x0000000083400000, 0x0000000083400000, 0x0000000083500000|  0%| F|  |TAMS 0x0000000083400000, 0x0000000083400000| Untracked 
|  35|0x0000000083500000, 0x0000000083500000, 0x0000000083600000|  0%| F|  |TAMS 0x0000000083500000, 0x0000000083500000| Untracked 
|  36|0x0000000083600000, 0x0000000083600000, 0x0000000083700000|  0%| F|  |TAMS 0x0000000083600000, 0x0000000083600000| Untracked 
|  37|0x0000000083700000, 0x0000000083700000, 0x0000000083800000|  0%| F|  |TAMS 0x0000000083700000, 0x0000000083700000| Untracked 
|  38|0x0000000083800000, 0x0000000083800000, 0x0000000083900000|  0%| F|  |TAMS 0x0000000083800000, 0x0000000083800000| Untracked 
|  39|0x0000000083900000, 0x0000000083900000, 0x0000000083a00000|  0%| F|  |TAMS 0x0000000083900000, 0x0000000083900000| Untracked 
|  40|0x0000000083a00000, 0x0000000083a00000, 0x0000000083b00000|  0%| F|  |TAMS 0x0000000083a00000, 0x0000000083a00000| Untracked 
|  41|0x0000000083b00000, 0x0000000083b00000, 0x0000000083c00000|  0%| F|  |TAMS 0x0000000083b00000, 0x0000000083b00000| Untracked 
|  42|0x0000000083c00000, 0x0000000083c00000, 0x0000000083d00000|  0%| F|  |TAMS 0x0000000083c00000, 0x0000000083c00000| Untracked 
|  43|0x0000000083d00000, 0x0000000083d00000, 0x0000000083e00000|  0%| F|  |TAMS 0x0000000083d00000, 0x0000000083d00000| Untracked 
|  44|0x0000000083e00000, 0x0000000083e00000, 0x0000000083f00000|  0%| F|  |TAMS 0x0000000083e00000, 0x0000000083e00000| Untracked 
|  45|0x0000000083f00000, 0x0000000083f00000, 0x0000000084000000|  0%| F|  |TAMS 0x0000000083f00000, 0x0000000083f00000| Untracked 
|  46|0x0000000084000000, 0x0000000084000000, 0x0000000084100000|  0%| F|  |TAMS 0x0000000084000000, 0x0000000084000000| Untracked 
|  47|0x0000000084100000, 0x0000000084100000, 0x0000000084200000|  0%| F|  |TAMS 0x0000000084100000, 0x0000000084100000| Untracked 
|  48|0x0000000084200000, 0x0000000084200000, 0x0000000084300000|  0%| F|  |TAMS 0x0000000084200000, 0x0000000084200000| Untracked 
|  49|0x0000000084300000, 0x0000000084300000, 0x0000000084400000|  0%| F|  |TAMS 0x0000000084300000, 0x0000000084300000| Untracked 
|  50|0x0000000084400000, 0x0000000084400000, 0x0000000084500000|  0%| F|  |TAMS 0x0000000084400000, 0x0000000084400000| Untracked 
|  51|0x0000000084500000, 0x0000000084500000, 0x0000000084600000|  0%| F|  |TAMS 0x0000000084500000, 0x0000000084500000| Untracked 
|  52|0x0000000084600000, 0x0000000084600000, 0x0000000084700000|  0%| F|  |TAMS 0x0000000084600000, 0x0000000084600000| Untracked 
|  53|0x0000000084700000, 0x0000000084700000, 0x0000000084800000|  0%| F|  |TAMS 0x0000000084700000, 0x0000000084700000| Untracked 
|  54|0x0000000084800000, 0x0000000084800000, 0x0000000084900000|  0%| F|  |TAMS 0x0000000084800000, 0x0000000084800000| Untracked 
|  55|0x0000000084900000, 0x0000000084900000, 0x0000000084a00000|  0%| F|  |TAMS 0x0000000084900000, 0x0000000084900000| Untracked 
|  56|0x0000000084a00000, 0x0000000084a00000, 0x0000000084b00000|  0%| F|  |TAMS 0x0000000084a00000, 0x0000000084a00000| Untracked 
|  57|0x0000000084b00000, 0x0000000084b00000, 0x0000000084c00000|  0%| F|  |TAMS 0x0000000084b00000, 0x0000000084b00000| Untracked 
|  58|0x0000000084c00000, 0x0000000084c00000, 0x0000000084d00000|  0%| F|  |TAMS 0x0000000084c00000, 0x0000000084c00000| Untracked 
|  59|0x0000000084d00000, 0x0000000084d00000, 0x0000000084e00000|  0%| F|  |TAMS 0x0000000084d00000, 0x0000000084d00000| Untracked 
|  60|0x0000000084e00000, 0x0000000084e00000, 0x0000000084f00000|  0%| F|  |TAMS 0x0000000084e00000, 0x0000000084e00000| Untracked 
|  61|0x0000000084f00000, 0x0000000084f00000, 0x0000000085000000|  0%| F|  |TAMS 0x0000000084f00000, 0x0000000084f00000| Untracked 
|  62|0x0000000085000000, 0x0000000085000000, 0x0000000085100000|  0%| F|  |TAMS 0x0000000085000000, 0x0000000085000000| Untracked 
|  63|0x0000000085100000, 0x0000000085100000, 0x0000000085200000|  0%| F|  |TAMS 0x0000000085100000, 0x0000000085100000| Untracked 
|  64|0x0000000085200000, 0x0000000085200000, 0x0000000085300000|  0%| F|  |TAMS 0x0000000085200000, 0x0000000085200000| Untracked 
|  65|0x0000000085300000, 0x0000000085300000, 0x0000000085400000|  0%| F|  |TAMS 0x0000000085300000, 0x0000000085300000| Untracked 
|  66|0x0000000085400000, 0x0000000085400000, 0x0000000085500000|  0%| F|  |TAMS 0x0000000085400000, 0x0000000085400000| Untracked 
|  67|0x0000000085500000, 0x0000000085500000, 0x0000000085600000|  0%| F|  |TAMS 0x0000000085500000, 0x0000000085500000| Untracked 
|  68|0x0000000085600000, 0x0000000085600000, 0x0000000085700000|  0%| F|  |TAMS 0x0000000085600000, 0x0000000085600000| Untracked 
|  69|0x0000000085700000, 0x0000000085700000, 0x0000000085800000|  0%| F|  |TAMS 0x0000000085700000, 0x0000000085700000| Untracked 
|  70|0x0000000085800000, 0x0000000085800000, 0x0000000085900000|  0%| F|  |TAMS 0x0000000085800000, 0x0000000085800000| Untracked 
|  71|0x0000000085900000, 0x0000000085900000, 0x0000000085a00000|  0%| F|  |TAMS 0x0000000085900000, 0x0000000085900000| Untracked 
|  72|0x0000000085a00000, 0x0000000085a00000, 0x0000000085b00000|  0%| F|  |TAMS 0x0000000085a00000, 0x0000000085a00000| Untracked 
|  73|0x0000000085b00000, 0x0000000085b00000, 0x0000000085c00000|  0%| F|  |TAMS 0x0000000085b00000, 0x0000000085b00000| Untracked 
|  74|0x0000000085c00000, 0x0000000085c00000, 0x0000000085d00000|  0%| F|  |TAMS 0x0000000085c00000, 0x0000000085c00000| Untracked 
|  75|0x0000000085d00000, 0x0000000085d00000, 0x0000000085e00000|  0%| F|  |TAMS 0x0000000085d00000, 0x0000000085d00000| Untracked 
|  76|0x0000000085e00000, 0x0000000085e00000, 0x0000000085f00000|  0%| F|  |TAMS 0x0000000085e00000, 0x0000000085e00000| Untracked 
|  77|0x0000000085f00000, 0x0000000085f00000, 0x0000000086000000|  0%| F|  |TAMS 0x0000000085f00000, 0x0000000085f00000| Untracked 
|  78|0x0000000086000000, 0x0000000086000000, 0x0000000086100000|  0%| F|  |TAMS 0x0000000086000000, 0x0000000086000000| Untracked 
|  79|0x0000000086100000, 0x0000000086100000, 0x0000000086200000|  0%| F|  |TAMS 0x0000000086100000, 0x0000000086100000| Untracked 
|  80|0x0000000086200000, 0x0000000086200000, 0x0000000086300000|  0%| F|  |TAMS 0x0000000086200000, 0x0000000086200000| Untracked 
|  81|0x0000000086300000, 0x0000000086300000, 0x0000000086400000|  0%| F|  |TAMS 0x0000000086300000, 0x0000000086300000| Untracked 
|  82|0x0000000086400000, 0x0000000086400000, 0x0000000086500000|  0%| F|  |TAMS 0x0000000086400000, 0x0000000086400000| Untracked 
|  83|0x0000000086500000, 0x0000000086500000, 0x0000000086600000|  0%| F|  |TAMS 0x0000000086500000, 0x0000000086500000| Untracked 
|  84|0x0000000086600000, 0x0000000086600000, 0x0000000086700000|  0%| F|  |TAMS 0x0000000086600000, 0x0000000086600000| Untracked 
|  85|0x0000000086700000, 0x0000000086700000, 0x0000000086800000|  0%| F|  |TAMS 0x0000000086700000, 0x0000000086700000| Untracked 
|  86|0x0000000086800000, 0x0000000086800000, 0x0000000086900000|  0%| F|  |TAMS 0x0000000086800000, 0x0000000086800000| Untracked 
|  87|0x0000000086900000, 0x0000000086900000, 0x0000000086a00000|  0%| F|  |TAMS 0x0000000086900000, 0x0000000086900000| Untracked 
|  88|0x0000000086a00000, 0x0000000086a00000, 0x0000000086b00000|  0%| F|  |TAMS 0x0000000086a00000, 0x0000000086a00000| Untracked 
|  89|0x0000000086b00000, 0x0000000086b00000, 0x0000000086c00000|  0%| F|  |TAMS 0x0000000086b00000, 0x0000000086b00000| Untracked 
|  90|0x0000000086c00000, 0x0000000086c00000, 0x0000000086d00000|  0%| F|  |TAMS 0x0000000086c00000, 0x0000000086c00000| Untracked 
|  91|0x0000000086d00000, 0x0000000086d00000, 0x0000000086e00000|  0%| F|  |TAMS 0x0000000086d00000, 0x0000000086d00000| Untracked 
|  92|0x0000000086e00000, 0x0000000086e00000, 0x0000000086f00000|  0%| F|  |TAMS 0x0000000086e00000, 0x0000000086e00000| Untracked 
|  93|0x0000000086f00000, 0x0000000086f00000, 0x0000000087000000|  0%| F|  |TAMS 0x0000000086f00000, 0x0000000086f00000| Untracked 
|  94|0x0000000087000000, 0x0000000087000000, 0x0000000087100000|  0%| F|  |TAMS 0x0000000087000000, 0x0000000087000000| Untracked 
|  95|0x0000000087100000, 0x0000000087100000, 0x0000000087200000|  0%| F|  |TAMS 0x0000000087100000, 0x0000000087100000| Untracked 
|  96|0x0000000087200000, 0x0000000087200000, 0x0000000087300000|  0%| F|  |TAMS 0x0000000087200000, 0x0000000087200000| Untracked 
|  97|0x0000000087300000, 0x0000000087300000, 0x0000000087400000|  0%| F|  |TAMS 0x0000000087300000, 0x0000000087300000| Untracked 
|  98|0x0000000087400000, 0x0000000087400000, 0x0000000087500000|  0%| F|  |TAMS 0x0000000087400000, 0x0000000087400000| Untracked 
|  99|0x0000000087500000, 0x0000000087500000, 0x0000000087600000|  0%| F|  |TAMS 0x0000000087500000, 0x0000000087500000| Untracked 
| 100|0x0000000087600000, 0x0000000087600000, 0x0000000087700000|  0%| F|  |TAMS 0x0000000087600000, 0x0000000087600000| Untracked 
| 101|0x0000000087700000, 0x0000000087700000, 0x0000000087800000|  0%| F|  |TAMS 0x0000000087700000, 0x0000000087700000| Untracked 
| 102|0x0000000087800000, 0x0000000087800000, 0x0000000087900000|  0%| F|  |TAMS 0x0000000087800000, 0x0000000087800000| Untracked 
| 103|0x0000000087900000, 0x0000000087900000, 0x0000000087a00000|  0%| F|  |TAMS 0x0000000087900000, 0x0000000087900000| Untracked 
| 104|0x0000000087a00000, 0x0000000087a00000, 0x0000000087b00000|  0%| F|  |TAMS 0x0000000087a00000, 0x0000000087a00000| Untracked 
| 105|0x0000000087b00000, 0x0000000087b00000, 0x0000000087c00000|  0%| F|  |TAMS 0x0000000087b00000, 0x0000000087b00000| Untracked 
| 106|0x0000000087c00000, 0x0000000087c00000, 0x0000000087d00000|  0%| F|  |TAMS 0x0000000087c00000, 0x0000000087c00000| Untracked 
| 107|0x0000000087d00000, 0x0000000087d00000, 0x0000000087e00000|  0%| F|  |TAMS 0x0000000087d00000, 0x0000000087d00000| Untracked 
| 108|0x0000000087e00000, 0x0000000087e00000, 0x0000000087f00000|  0%| F|  |TAMS 0x0000000087e00000, 0x0000000087e00000| Untracked 
| 109|0x0000000087f00000, 0x0000000087f00000, 0x0000000088000000|  0%| F|  |TAMS 0x0000000087f00000, 0x0000000087f00000| Untracked 
| 110|0x0000000088000000, 0x0000000088000000, 0x0000000088100000|  0%| F|  |TAMS 0x0000000088000000, 0x0000000088000000| Untracked 
| 111|0x0000000088100000, 0x0000000088100000, 0x0000000088200000|  0%| F|  |TAMS 0x0000000088100000, 0x0000000088100000| Untracked 
| 112|0x0000000088200000, 0x0000000088200000, 0x0000000088300000|  0%| F|  |TAMS 0x0000000088200000, 0x0000000088200000| Untracked 
| 113|0x0000000088300000, 0x0000000088300000, 0x0000000088400000|  0%| F|  |TAMS 0x0000000088300000, 0x0000000088300000| Untracked 
| 114|0x0000000088400000, 0x0000000088400000, 0x0000000088500000|  0%| F|  |TAMS 0x0000000088400000, 0x0000000088400000| Untracked 
| 115|0x0000000088500000, 0x0000000088500000, 0x0000000088600000|  0%| F|  |TAMS 0x0000000088500000, 0x0000000088500000| Untracked 
| 116|0x0000000088600000, 0x0000000088600000, 0x0000000088700000|  0%| F|  |TAMS 0x0000000088600000, 0x0000000088600000| Untracked 
| 117|0x0000000088700000, 0x0000000088700000, 0x0000000088800000|  0%| F|  |TAMS 0x0000000088700000, 0x0000000088700000| Untracked 
| 118|0x0000000088800000, 0x0000000088800000, 0x0000000088900000|  0%| F|  |TAMS 0x0000000088800000, 0x0000000088800000| Untracked 
| 119|0x0000000088900000, 0x0000000088900000, 0x0000000088a00000|  0%| F|  |TAMS 0x0000000088900000, 0x0000000088900000| Untracked 
| 120|0x0000000088a00000, 0x0000000088a7b708, 0x0000000088b00000| 48%| E|  |TAMS 0x0000000088a00000, 0x0000000088a00000| Complete 
| 121|0x0000000088b00000, 0x0000000088c00000, 0x0000000088c00000|100%| E|CS|TAMS 0x0000000088b00000, 0x0000000088b00000| Complete 
| 122|0x0000000088c00000, 0x0000000088d00000, 0x0000000088d00000|100%| E|CS|TAMS 0x0000000088c00000, 0x0000000088c00000| Complete 
| 123|0x0000000088d00000, 0x0000000088e00000, 0x0000000088e00000|100%| E|CS|TAMS 0x0000000088d00000, 0x0000000088d00000| Complete 
| 124|0x0000000088e00000, 0x0000000088f00000, 0x0000000088f00000|100%| E|CS|TAMS 0x0000000088e00000, 0x0000000088e00000| Complete 
| 125|0x0000000088f00000, 0x0000000089000000, 0x0000000089000000|100%| E|CS|TAMS 0x0000000088f00000, 0x0000000088f00000| Complete 
| 126|0x0000000089000000, 0x0000000089100000, 0x0000000089100000|100%| E|CS|TAMS 0x0000000089000000, 0x0000000089000000| Complete 
| 127|0x0000000089100000, 0x0000000089200000, 0x0000000089200000|100%| E|CS|TAMS 0x0000000089100000, 0x0000000089100000| Complete 

Card table byte_map: [0x0000024b5e160000,0x0000024b5e560000] _byte_map_base: 0x0000024b5dd57000

Marking Bits (Prev, Next): (CMBitMap*) 0x0000024b45cbc838, (CMBitMap*) 0x0000024b45cbc870
 Prev Bits: [0x0000024b5e960000, 0x0000024b60918000)
 Next Bits: [0x0000024b60920000, 0x0000024b628d8000)

Polling page: 0x0000024b44460000

Metaspace:

Usage:
  Non-class:      9.28 MB capacity,     9.10 MB ( 98%) used,   160.19 KB (  2%) free+waste,    26.06 KB ( <1%) overhead. 
      Class:      1.12 MB capacity,     1.02 MB ( 91%) used,    95.95 KB (  8%) free+waste,    12.69 KB (  1%) overhead. 
       Both:     10.40 MB capacity,    10.11 MB ( 97%) used,   256.14 KB (  2%) free+waste,    38.75 KB ( <1%) overhead. 

Virtual space:
  Non-class space:       10.00 MB reserved,       9.50 MB ( 95%) committed 
      Class space:        1.00 GB reserved,       1.13 MB ( <1%) committed 
             Both:        1.01 GB reserved,      10.63 MB (  1%) committed 

Chunk freelists:
   Non-Class:  0 bytes
       Class:  0 bytes
        Both:  0 bytes

MaxMetaspaceSize: 17179869184.00 GB
CompressedClassSpaceSize: 1.00 GB

CodeHeap 'non-profiled nmethods': size=120000Kb used=193Kb max_used=193Kb free=119806Kb
 bounds [0x0000024b55dc0000, 0x0000024b56030000, 0x0000024b5d2f0000]
CodeHeap 'profiled nmethods': size=120000Kb used=1017Kb max_used=1017Kb free=118982Kb
 bounds [0x0000024b4e890000, 0x0000024b4eb00000, 0x0000024b55dc0000]
CodeHeap 'non-nmethods': size=5760Kb used=1222Kb max_used=1238Kb free=4537Kb
 bounds [0x0000024b4e2f0000, 0x0000024b4e560000, 0x0000024b4e890000]
 total_blobs=1478 nmethods=627 adapters=386
 compilation: enabled
              stopped_count=0, restarted_count=0
 full_count=0

Compilation events (20 events):
Event: 0.735 Thread 0x0000024b65cec000  613       3       java.lang.invoke.ClassSpecializer::classBCName (33 bytes)
Event: 0.735 Thread 0x0000024b65cec000 nmethod 613 0x0000024b4e987390 code [0x0000024b4e987540, 0x0000024b4e9876f0]
Event: 0.735 Thread 0x0000024b65cec000  614       3       java.lang.invoke.ClassSpecializer::className (33 bytes)
Event: 0.735 Thread 0x0000024b65cec000 nmethod 614 0x0000024b4e987790 code [0x0000024b4e987960, 0x0000024b4e987bb0]
Event: 0.735 Thread 0x0000024b65cec000  615       3       java.lang.invoke.ClassSpecializer::classSig (94 bytes)
Event: 0.736 Thread 0x0000024b65cec000 nmethod 615 0x0000024b4e987c90 code [0x0000024b4e987f00, 0x0000024b4e9887a0]
Event: 0.736 Thread 0x0000024b65cec000  617       3       jdk.internal.org.objectweb.asm.MethodWriter::visitLabel (321 bytes)
Event: 0.736 Thread 0x0000024b65cec000 nmethod 617 0x0000024b4e988a90 code [0x0000024b4e988d00, 0x0000024b4e9899b0]
Event: 0.736 Thread 0x0000024b65cec000  620       3       java.lang.AbstractStringBuilder::append (55 bytes)
Event: 0.737 Thread 0x0000024b65cec000 nmethod 620 0x0000024b4e989c90 code [0x0000024b4e989e80, 0x0000024b4e98a220]
Event: 0.737 Thread 0x0000024b65cec000  622       3       java.lang.invoke.ClassSpecializer$Factory$1Var::emitVarInstruction (73 bytes)
Event: 0.737 Thread 0x0000024b65cec000 nmethod 622 0x0000024b4e98a390 code [0x0000024b4e98a660, 0x0000024b4e98b1e0]
Event: 0.737 Thread 0x0000024b65cec000  623       3       java.lang.invoke.ClassSpecializer$Factory::typeLoadOp (90 bytes)
Event: 0.738 Thread 0x0000024b65cec000 nmethod 623 0x0000024b4e98b690 code [0x0000024b4e98b900, 0x0000024b4e98c340]
Event: 0.738 Thread 0x0000024b65cec000  624       3       java.lang.reflect.Array::newInstance (6 bytes)
Event: 0.738 Thread 0x0000024b65cec000 nmethod 624 0x0000024b4e98c690 code [0x0000024b4e98c840, 0x0000024b4e98c9d0]
Event: 0.738 Thread 0x0000024b65cec000  619       3       java.lang.invoke.MethodHandles$Lookup::restrictProtectedReceiver (51 bytes)
Event: 0.739 Thread 0x0000024b65cec000 nmethod 619 0x0000024b4e98ca90 code [0x0000024b4e98cd40, 0x0000024b4e98d950]
Event: 0.739 Thread 0x0000024b65cec000  618       3       jdk.internal.org.objectweb.asm.MethodWriter::noSuccessor (95 bytes)
Event: 0.740 Thread 0x0000024b65cec000 nmethod 618 0x0000024b4e98dd10 code [0x0000024b4e98df20, 0x0000024b4e98e590]

GC Heap History (0 events):
No events

Deoptimization events (4 events):
Event: 0.361 Thread 0x0000024b45c7b800 Uncommon trap: trap_request=0xffffff4d fr.pc=0x0000024b55dc4b30 relative=0x0000000000000210
Event: 0.361 Thread 0x0000024b45c7b800 Uncommon trap: reason=unstable_if action=reinterpret pc=0x0000024b55dc4b30 method=java.lang.String.hashCode()I @ 14 c2
Event: 0.361 Thread 0x0000024b45c7b800 DEOPT PACKING pc=0x0000024b55dc4b30 sp=0x00000056398fd6a0
Event: 0.361 Thread 0x0000024b45c7b800 DEOPT UNPACKING pc=0x0000024b4e32d62f sp=0x00000056398fd648 mode 2

Classes redefined (0 events):
No events

Internal exceptions (18 events):
Event: 0.422 Thread 0x0000024b45c7b800 Exception <a 'java/lang/ClassNotFoundException'{0x000000008906d5a0}: sun/awt/resources/spi/awtProvider> (0x000000008906d5a0) thrown at [./src/hotspot/share/classfile/systemDictionary.cpp, line 231]
Event: 0.488 Thread 0x0000024b45c7b800 Exception <a 'java/io/FileNotFoundException'{0x0000000088f8bb68}> (0x0000000088f8bb68) thrown at [./src/hotspot/share/prims/jni.cpp, line 615]
Event: 0.503 Thread 0x0000024b45c7b800 Exception <a 'java/lang/NoSuchMethodError'{0x0000000088fe6b18}: 'java.lang.Object java.lang.invoke.DirectMethodHandle$Holder.invokeStatic(java.lang.Object, java.lang.Object, java.lang.Object, java.lang.Object, java.lang.Object, java.lang.Object, java.lang.Object, java.lang.Object, java.lang.Object, java.lang.Object, java.lang.Object, java.lang.Object, java.lang.Object, java.lang.Object, java.lang.Object)'> (0x0000000088fe6b18) thrown at [./src/hotspot/share/interpreter/linkResolver.cpp, line 773]
Event: 0.505 Thread 0x0000024b45c7b800 Exception <a 'java/lang/NoSuchMethodError'{0x0000000088ff4dc8}: 'java.lang.Object java.lang.invoke.DirectMethodHandle$Holder.invokeStatic(java.lang.Object, java.lang.Object, java.lang.Object, java.lang.Object, java.lang.Object, java.lang.Object, java.lang.Object, java.lang.Object, java.lang.Object, java.lang.Object, java.lang.Object, java.lang.Object, java.lang.Object, java.lang.Object, java.lang.Object, java.lang.Object)'> (0x0000000088ff4dc8) thrown at [./src/hotspot/share/interpreter/linkResolver.cpp, l
Event: 0.507 Thread 0x0000024b45c7b800 Exception <a 'java/lang/NoSuchMethodError'{0x0000000088e031b0}: 'java.lang.Object java.lang.invoke.DirectMethodHandle$Holder.invokeSpecial(java.lang.Object, java.lang.Object, int, int, java.lang.Object, java.lang.Object, java.lang.Object)'> (0x0000000088e031b0) thrown at [./src/hotspot/share/interpreter/linkResolver.cpp, line 773]
Event: 0.507 Thread 0x0000024b45c7b800 Exception <a 'java/lang/NoSuchMethodError'{0x0000000088e06740}: 'java.lang.Object java.lang.invoke.DelegatingMethodHandle$Holder.reinvoke_L(java.lang.Object, int, int, java.lang.Object, java.lang.Object, java.lang.Object)'> (0x0000000088e06740) thrown at [./src/hotspot/share/interpreter/linkResolver.cpp, line 773]
Event: 0.508 Thread 0x0000024b45c7b800 Exception <a 'java/lang/NoSuchMethodError'{0x0000000088e0a820}: 'java.lang.Object java.lang.invoke.DirectMethodHandle$Holder.invokeStatic(java.lang.Object, java.lang.Object, java.lang.Object, java.lang.Object, int)'> (0x0000000088e0a820) thrown at [./src/hotspot/share/interpreter/linkResolver.cpp, line 773]
Event: 0.521 Thread 0x0000024b45c7b800 Exception <a 'java/io/FileNotFoundException'{0x0000000088e6d1e0}> (0x0000000088e6d1e0) thrown at [./src/hotspot/share/prims/jni.cpp, line 615]
Event: 0.596 Thread 0x0000024b66591000 Exception <a 'java/lang/NoSuchMethodError'{0x0000000088d05390}: 'void java.lang.invoke.DirectMethodHandle$Holder.invokeSpecial(java.lang.Object, java.lang.Object)'> (0x0000000088d05390) thrown at [./src/hotspot/share/interpreter/linkResolver.cpp, line 773]
Event: 0.601 Thread 0x0000024b45c7b800 Exception <a 'java/lang/NoSuchMethodError'{0x0000000088d9d3a0}: 'java.lang.Object java.lang.invoke.DirectMethodHandle$Holder.invokeStatic(java.lang.Object, java.lang.Object, java.lang.Object, java.lang.Object, java.lang.Object, java.lang.Object, java.lang.Object, java.lang.Object, int)'> (0x0000000088d9d3a0) thrown at [./src/hotspot/share/interpreter/linkResolver.cpp, line 773]
Event: 0.603 Thread 0x0000024b45c7b800 Exception <a 'java/lang/NoSuchMethodError'{0x0000000088db7300}: 'java.lang.Object java.lang.invoke.DirectMethodHandle$Holder.invokeStatic(java.lang.Object, java.lang.Object, java.lang.Object, java.lang.Object, java.lang.Object, java.lang.Object, java.lang.Object, java.lang.Object, int, int)'> (0x0000000088db7300) thrown at [./src/hotspot/share/interpreter/linkResolver.cpp, line 773]
Event: 0.657 Thread 0x0000024b45c7b800 Exception <a 'java/lang/NoSuchMethodError'{0x0000000088c59e10}: 'void java.lang.invoke.DirectMethodHandle$Holder.invokeStaticInit(java.lang.Object)'> (0x0000000088c59e10) thrown at [./src/hotspot/share/interpreter/linkResolver.cpp, line 773]
Event: 0.676 Thread 0x0000024b45c7b800 Exception <a 'java/io/FileNotFoundException'{0x0000000088c690f8}> (0x0000000088c690f8) thrown at [./src/hotspot/share/prims/jni.cpp, line 615]
Event: 0.676 Thread 0x0000024b45c7b800 Exception <a 'java/lang/NullPointerException'{0x0000000088c699e8}> (0x0000000088c699e8) thrown at [./src/hotspot/share/interpreter/linkResolver.cpp, line 1358]
Event: 0.733 Thread 0x0000024b45c7b800 Exception <a 'java/lang/NoSuchMethodError'{0x0000000088bd3c98}: 'java.lang.Object java.lang.invoke.DirectMethodHandle$Holder.invokeStatic(java.lang.Object, java.lang.Object, java.lang.Object, java.lang.Object, java.lang.Object, java.lang.Object, java.lang.Object, java.lang.Object, java.lang.Object, java.lang.Object, java.lang.Object, int)'> (0x0000000088bd3c98) thrown at [./src/hotspot/share/interpreter/linkResolver.cpp, line 773]
Event: 0.736 Thread 0x0000024b45c7b800 Exception <a 'java/lang/NoSuchMethodError'{0x0000000088bf1ea0}: 'java.lang.Object java.lang.invoke.DirectMethodHandle$Holder.invokeStatic(java.lang.Object, java.lang.Object, java.lang.Object, java.lang.Object, java.lang.Object, java.lang.Object, java.lang.Object, java.lang.Object, java.lang.Object, java.lang.Object, java.lang.Object, int, int)'> (0x0000000088bf1ea0) thrown at [./src/hotspot/share/interpreter/linkResolver.cpp, line 773]
Event: 0.738 Thread 0x0000024b45c7b800 Exception <a 'java/lang/NoSuchMethodError'{0x0000000088a11588}: 'java.lang.Object java.lang.invoke.DirectMethodHandle$Holder.invokeStatic(java.lang.Object, java.lang.Object, java.lang.Object, java.lang.Object, java.lang.Object, java.lang.Object, java.lang.Object, java.lang.Object, java.lang.Object, java.lang.Object, java.lang.Object, int, int, java.lang.Object)'> (0x0000000088a11588) thrown at [./src/hotspot/share/interpreter/linkResolver.cpp, line 773]
Event: 0.739 Thread 0x0000024b45c7b800 Exception <a 'java/lang/NoSuchMethodError'{0x0000000088a1d538}: 'java.lang.Object java.lang.invoke.Invokers$Holder.linkToTargetMethod(java.lang.Object, int, java.lang.Object)'> (0x0000000088a1d538) thrown at [./src/hotspot/share/interpreter/linkResolver.cpp, line 773]

Events (20 events):
Event: 0.725 loading class sun/awt/AWTCharset$Encoder done
Event: 0.725 loading class sun/awt/windows/WDefaultFontCharset$Encoder done
Event: 0.726 loading class sun/nio/cs/SingleByte$Encoder
Event: 0.726 loading class sun/nio/cs/SingleByte$Encoder done
Event: 0.726 loading class java/io/ByteArrayOutputStream
Event: 0.726 loading class java/io/ByteArrayOutputStream done
Event: 0.726 loading class sun/awt/windows/WingDings
Event: 0.726 loading class sun/awt/windows/WingDings done
Event: 0.727 loading class sun/awt/windows/WingDings$Encoder
Event: 0.727 loading class sun/awt/windows/WingDings$Encoder done
Event: 0.727 loading class sun/awt/Symbol
Event: 0.727 loading class sun/awt/Symbol done
Event: 0.727 loading class sun/awt/Symbol$Encoder
Event: 0.727 loading class sun/awt/Symbol$Encoder done
Event: 0.732 loading class java/lang/invoke/BoundMethodHandle$Species_LLLLLLLLI
Event: 0.732 loading class java/lang/invoke/BoundMethodHandle$Species_LLLLLLLLI done
Event: 0.734 loading class java/lang/invoke/BoundMethodHandle$Species_LLLLLLLLII
Event: 0.734 loading class java/lang/invoke/BoundMethodHandle$Species_LLLLLLLLII done
Event: 0.736 loading class java/lang/invoke/BoundMethodHandle$Species_LLLLLLLLIIL
Event: 0.736 loading class java/lang/invoke/BoundMethodHandle$Species_LLLLLLLLIIL done


Dynamic libraries:
0x00007ff6cf9b0000 - 0x00007ff6cf9bd000 	C:\Program Files\AdoptOpenJDK\jdk-11.0.7.10-hotspot\bin\java.exe
0x00007fff61ad0000 - 0x00007fff61cc5000 	C:\WINDOWS\SYSTEM32\ntdll.dll
0x00007fff61440000 - 0x00007fff614fd000 	C:\WINDOWS\System32\KERNEL32.DLL
0x00007fff5f730000 - 0x00007fff5f9f8000 	C:\WINDOWS\System32\KERNELBASE.dll
0x00007fff5f520000 - 0x00007fff5f620000 	C:\WINDOWS\System32\ucrtbase.dll
0x00007fff51380000 - 0x00007fff51395000 	C:\Program Files\AdoptOpenJDK\jdk-11.0.7.10-hotspot\bin\VCRUNTIME140.dll
0x00007fff47ed0000 - 0x00007fff47ee7000 	C:\Program Files\AdoptOpenJDK\jdk-11.0.7.10-hotspot\bin\jli.dll
0x00007fff609c0000 - 0x00007fff60b60000 	C:\WINDOWS\System32\USER32.dll
0x00007fff5f210000 - 0x00007fff5f232000 	C:\WINDOWS\System32\win32u.dll
0x00007fff4c800000 - 0x00007fff4ca9a000 	C:\WINDOWS\WinSxS\amd64_microsoft.windows.common-controls_6595b64144ccf1df_6.0.19041.844_none_ca00b6081b84eb1d\COMCTL32.dll
0x00007fff60730000 - 0x00007fff6075a000 	C:\WINDOWS\System32\GDI32.dll
0x00007fff60920000 - 0x00007fff609be000 	C:\WINDOWS\System32\msvcrt.dll
0x00007fff5f620000 - 0x00007fff5f72b000 	C:\WINDOWS\System32\gdi32full.dll
0x00007fff5f420000 - 0x00007fff5f4bd000 	C:\WINDOWS\System32\msvcp_win.dll
0x00007fff60760000 - 0x00007fff60790000 	C:\WINDOWS\System32\IMM32.DLL
0x00007fff39e20000 - 0x00007fff39ebb000 	C:\Program Files\AdoptOpenJDK\jdk-11.0.7.10-hotspot\bin\msvcp140.dll
0x00007fff14c80000 - 0x00007fff1573c000 	C:\Program Files\AdoptOpenJDK\jdk-11.0.7.10-hotspot\bin\server\jvm.dll
0x00007fff61390000 - 0x00007fff6143c000 	C:\WINDOWS\System32\ADVAPI32.dll
0x00007fff60680000 - 0x00007fff6071b000 	C:\WINDOWS\System32\sechost.dll
0x00007fff5fc60000 - 0x00007fff5fd8b000 	C:\WINDOWS\System32\RPCRT4.dll
0x00007fff61570000 - 0x00007fff61578000 	C:\WINDOWS\System32\PSAPI.DLL
0x00007fff54650000 - 0x00007fff54677000 	C:\WINDOWS\SYSTEM32\WINMM.dll
0x00007fff55450000 - 0x00007fff5545a000 	C:\WINDOWS\SYSTEM32\VERSION.dll
0x00007fff47380000 - 0x00007fff47389000 	C:\WINDOWS\SYSTEM32\WSOCK32.dll
0x00007fff61500000 - 0x00007fff6156b000 	C:\WINDOWS\System32\WS2_32.dll
0x00007fff5d160000 - 0x00007fff5d172000 	C:\WINDOWS\SYSTEM32\kernel.appcore.dll
0x00007fff59e50000 - 0x00007fff59e60000 	C:\Program Files\AdoptOpenJDK\jdk-11.0.7.10-hotspot\bin\verify.dll
0x00007fff583a0000 - 0x00007fff58584000 	C:\WINDOWS\SYSTEM32\DBGHELP.DLL
0x00007fff57fc0000 - 0x00007fff57fec000 	C:\WINDOWS\SYSTEM32\dbgcore.DLL
0x00007fff5f3a0000 - 0x00007fff5f420000 	C:\WINDOWS\System32\bcryptPrimitives.dll
0x00007fff47730000 - 0x00007fff47758000 	C:\Program Files\AdoptOpenJDK\jdk-11.0.7.10-hotspot\bin\java.dll
0x00007fff2ea70000 - 0x00007fff2eaa8000 	C:\Program Files\AdoptOpenJDK\jdk-11.0.7.10-hotspot\bin\jdwp.dll
0x00007fff47710000 - 0x00007fff47726000 	C:\Program Files\AdoptOpenJDK\jdk-11.0.7.10-hotspot\bin\zip.dll
0x00007fff58950000 - 0x00007fff5895a000 	C:\Program Files\AdoptOpenJDK\jdk-11.0.7.10-hotspot\bin\jimage.dll
0x00007fff5fed0000 - 0x00007fff60612000 	C:\WINDOWS\System32\SHELL32.dll
0x00007fff5d360000 - 0x00007fff5daf0000 	C:\WINDOWS\SYSTEM32\windows.storage.dll
0x00007fff61580000 - 0x00007fff618d5000 	C:\WINDOWS\System32\combase.dll
0x00007fff5ebb0000 - 0x00007fff5ebdc000 	C:\WINDOWS\SYSTEM32\Wldp.dll
0x00007fff60cd0000 - 0x00007fff60d7e000 	C:\WINDOWS\System32\SHCORE.dll
0x00007fff60790000 - 0x00007fff607e5000 	C:\WINDOWS\System32\shlwapi.dll
0x00007fff5f150000 - 0x00007fff5f16f000 	C:\WINDOWS\SYSTEM32\profapi.dll
0x00007fff50b70000 - 0x00007fff50b7a000 	C:\Program Files\AdoptOpenJDK\jdk-11.0.7.10-hotspot\bin\dt_socket.dll
0x00007fff5e920000 - 0x00007fff5e98a000 	C:\WINDOWS\System32\mswsock.dll
0x00007fff5e650000 - 0x00007fff5e71c000 	C:\WINDOWS\SYSTEM32\DNSAPI.dll
0x00007fff5e610000 - 0x00007fff5e64b000 	C:\WINDOWS\SYSTEM32\IPHLPAPI.DLL
0x00007fff60720000 - 0x00007fff60728000 	C:\WINDOWS\System32\NSI.dll
0x0000000055c40000 - 0x0000000055c66000 	C:\Program Files\Bonjour\mdnsNSP.dll
0x00007fff554f0000 - 0x00007fff5556f000 	C:\WINDOWS\System32\fwpuclnt.dll
0x00007fff5fa00000 - 0x00007fff5fa27000 	C:\WINDOWS\System32\bcrypt.dll
0x00007fff555f0000 - 0x00007fff555fa000 	C:\Windows\System32\rasadhlp.dll
0x00007fff123d0000 - 0x00007fff12569000 	C:\Program Files\AdoptOpenJDK\jdk-11.0.7.10-hotspot\bin\awt.dll
0x00007fff60be0000 - 0x00007fff60cad000 	C:\WINDOWS\System32\OLEAUT32.dll
0x00007fff5cba0000 - 0x00007fff5cc30000 	C:\WINDOWS\SYSTEM32\apphelp.dll
0x00007fff5ce70000 - 0x00007fff5ce9f000 	C:\WINDOWS\system32\DWMAPI.DLL
0x00007fff5cca0000 - 0x00007fff5cd3e000 	C:\WINDOWS\system32\uxtheme.dll
0x00007fff26a80000 - 0x00007fff26ba6000 	C:\WINDOWS\system32\opengl32.dll
0x00007fff39480000 - 0x00007fff394ac000 	C:\WINDOWS\SYSTEM32\GLU32.dll
0x00007fff607f0000 - 0x00007fff60905000 	C:\WINDOWS\System32\MSCTF.dll
0x00007fff5fb30000 - 0x00007fff5fc5a000 	C:\WINDOWS\System32\ole32.dll
0x00007fff2a370000 - 0x00007fff2a3f2000 	C:\Program Files\AdoptOpenJDK\jdk-11.0.7.10-hotspot\bin\freetype.dll
0x00007fff2a250000 - 0x00007fff2a2f6000 	C:\Program Files\AdoptOpenJDK\jdk-11.0.7.10-hotspot\bin\fontmanager.dll

dbghelp: loaded successfully - version: 4.0.5 - missing functions: none
symbol engine: initialized successfully - sym options: 0x614 - pdb path: .;C:\Program Files\AdoptOpenJDK\jdk-11.0.7.10-hotspot\bin;C:\WINDOWS\SYSTEM32;C:\WINDOWS\WinSxS\amd64_microsoft.windows.common-controls_6595b64144ccf1df_6.0.19041.844_none_ca00b6081b84eb1d;C:\Program Files\AdoptOpenJDK\jdk-11.0.7.10-hotspot\bin\server;C:\Program Files\Bonjour

VM Arguments:
jvm_args: -agentlib:jdwp=transport=dt_socket,server=n,suspend=y,address=localhost:58712 -Dfile.encoding=UTF-8 
java_command: Main
java_class_path (initial): C:\Users\miyuki\AppData\Roaming\Code\User\workspaceStorage\6ad29034d915c8a0c9e8a11c97b830da\redhat.java\jdt_ws\FinalTask_1ec0792e\bin
Launcher Type: SUN_STANDARD

[Global flags]
     intx CICompilerCount                          = 4                                         {product} {ergonomic}
     uint ConcGCThreads                            = 2                                         {product} {ergonomic}
     uint G1ConcRefinementThreads                  = 8                                         {product} {ergonomic}
   size_t G1HeapRegionSize                         = 1048576                                   {product} {ergonomic}
    uintx GCDrainStackTargetSize                   = 64                                        {product} {ergonomic}
   size_t InitialHeapSize                          = 134217728                                 {product} {ergonomic}
   size_t MarkStackSize                            = 4194304                                   {product} {ergonomic}
   size_t MaxHeapSize                              = 2128609280                                {product} {ergonomic}
   size_t MaxNewSize                               = 1277165568                                {product} {ergonomic}
   size_t MinHeapDeltaBytes                        = 1048576                                   {product} {ergonomic}
    uintx NonNMethodCodeHeapSize                   = 5836300                                {pd product} {ergonomic}
    uintx NonProfiledCodeHeapSize                  = 122910970                              {pd product} {ergonomic}
    uintx ProfiledCodeHeapSize                     = 122910970                              {pd product} {ergonomic}
    uintx ReservedCodeCacheSize                    = 251658240                              {pd product} {ergonomic}
     bool SegmentedCodeCache                       = true                                      {product} {ergonomic}
     bool UseCompressedClassPointers               = true                                 {lp64_product} {ergonomic}
     bool UseCompressedOops                        = true                                 {lp64_product} {ergonomic}
     bool UseG1GC                                  = true                                      {product} {ergonomic}
     bool UseLargePagesIndividualAllocation        = false                                  {pd product} {ergonomic}

Logging:
Log output configuration:
 #0: stdout all=warning uptime,level,tags
 #1: stderr all=off uptime,level,tags

Environment Variables:
PATH=C:\Program Files\AdoptOpenJDK\jdk-11.0.7.10-hotspot\bin;C:\Program Files (x86)\Intel\iCLS Client\;C:\Program Files\Intel\iCLS Client\;C:\WINDOWS\system32;C:\WINDOWS;C:\WINDOWS\System32\Wbem;C:\WINDOWS\System32\WindowsPowerShell\v1.0\;C:\Program Files\Intel\Intel(R) Management Engine Components\DAL;C:\Program Files\Intel\Intel(R) Management Engine Components\IPT;C:\Program Files (x86)\Intel\Intel(R) Management Engine Components\DAL;C:\Program Files (x86)\Intel\Intel(R) Management Engine Components\IPT;C:\Program Files (x86)\Common Files\Roxio Shared\DLLShared\;C:\Program Files (x86)\Common Files\Roxio Shared\OEM\12.0\DLLShared\;C:\Program Files (x86)\Roxio 2010\OEM\AudioCore\;C:\Program Files (x86)\Windows Live\Shared;C:\WINDOWS\System32\OpenSSH\;C:\Program Files\Intel\WiFi\bin\;C:\Program Files\Common Files\Intel\WirelessCommon\;C:\Program Files\PuTTY\;C:\Users\miyuki\AppData\Local\Microsoft\WindowsApps;;C:\Users\miyuki\AppData\Local\Programs\Microsoft VS Code\bin
USERNAME=miyuki
OS=Windows_NT
PROCESSOR_IDENTIFIER=Intel64 Family 6 Model 60 Stepping 3, GenuineIntel



---------------  S Y S T E M  ---------------

OS: Windows 10 , 64 bit Build 19041 (10.0.19041.928)
OS uptime: 4 days 21:10 hours

CPU:total 8 (initial active 8) (4 cores per cpu, 2 threads per core) family 6 model 60 stepping 3, cmov, cx8, fxsr, mmx, sse, sse2, sse3, ssse3, sse4.1, sse4.2, popcnt, avx, avx2, aes, clmul, erms, lzcnt, ht, tsc, tscinvbit, bmi1, bmi2, fma

Memory: 4k page, system-wide physical 8117M (2304M free)
TotalPageFile size 12469M (AvailPageFile size 4659M)
current process WorkingSet (physical memory assigned to process): 61M, peak: 63M
current process commit charge ("private bytes"): 224M, peak: 226M

vm_info: OpenJDK 64-Bit Server VM (11.0.7+10) for windows-amd64 JRE (11.0.7+10), built on Apr 16 2020 11:43:40 by "" with MS VC++ 15.9 (VS2017)

END.
