#
# A fatal error has been detected by the Java Runtime Environment:
#
#  EXCEPTION_ACCESS_VIOLATION (0xc0000005) at pc=0x00007ff8bd56fa16, pid=26892, tid=26168
#
# JRE version: OpenJDK Runtime Environment (11.0.7+10) (build 11.0.7+10)
# Java VM: OpenJDK 64-Bit Server VM (11.0.7+10, mixed mode, tiered, compressed oops, g1 gc, windows-amd64)
# Problematic frame:
# C  [awt.dll+0x8fa16]
#
# No core dump will be written. Minidumps are not enabled by default on client versions of Windows
#
# If you would like to submit a bug report, please visit:
#   https://github.com/AdoptOpenJDK/openjdk-support/issues
# The crash happened outside the Java Virtual Machine in native code.
# See problematic frame for where to report the bug.
#

---------------  S U M M A R Y ------------

Command Line: -Dfile.encoding=UTF-8 Main

Host: Intel(R) Core(TM) i7-4710MQ CPU @ 2.50GHz, 8 cores, 7G,  Windows 10 , 64 bit Build 18362 (10.0.18362.959)
Time: Fri Jul 31 22:32:15 2020 ???? (?W?€??) elapsed time: 0 seconds (0d 0h 0m 0s)

---------------  T H R E A D  ---------------

Current thread (0x00000244f7dcc800):  JavaThread "main" [_thread_in_native, id=26168, stack(0x0000009642200000,0x0000009642300000)]

Stack: [0x0000009642200000,0x0000009642300000],  sp=0x00000096422fe8f0,  free space=1018k
Native frames: (J=compiled Java code, j=interpreted, Vv=VM code, C=native code)
C  [awt.dll+0x8fa16]

Java frames: (J=compiled Java code, j=interpreted, Vv=VM code)
j  sun.awt.windows.WComponentPeer._setFont(Ljava/awt/Font;)V+0 java.desktop@11.0.7
j  sun.awt.windows.WComponentPeer.setFont(Ljava/awt/Font;)V+7 java.desktop@11.0.7
j  sun.awt.windows.WWindowPeer.initialize()V+42 java.desktop@11.0.7
j  sun.awt.windows.WFramePeer.initialize()V+1 java.desktop@11.0.7
j  sun.awt.windows.WComponentPeer.<init>(Ljava/awt/Component;)V+83 java.desktop@11.0.7
j  sun.awt.windows.WCanvasPeer.<init>(Ljava/awt/Component;)V+2 java.desktop@11.0.7
j  sun.awt.windows.WPanelPeer.<init>(Ljava/awt/Component;)V+2 java.desktop@11.0.7
j  sun.awt.windows.WWindowPeer.<init>(Ljava/awt/Window;)V+2 java.desktop@11.0.7
j  sun.awt.windows.WFramePeer.<init>(Ljava/awt/Frame;)V+2 java.desktop@11.0.7
j  sun.awt.windows.WToolkit.createFrame(Ljava/awt/Frame;)Ljava/awt/peer/FramePeer;+5 java.desktop@11.0.7
j  java.awt.Frame.addNotify()V+20 java.desktop@11.0.7
j  java.awt.Window.show()V+8 java.desktop@11.0.7
j  java.awt.Component.show(Z)V+5 java.desktop@11.0.7
j  java.awt.Component.setVisible(Z)V+2 java.desktop@11.0.7
j  java.awt.Window.setVisible(Z)V+2 java.desktop@11.0.7
j  Main.init()V+171
j  Main.<init>()V+38
j  Main.main([Ljava/lang/String;)V+3
v  ~StubRoutines::call_stub

siginfo: EXCEPTION_ACCESS_VIOLATION (0xc0000005), reading address 0x0000000000000058


Register to memory mapping:

RIP=0x00007ff8bd56fa16 awt.dll
RAX=0x00007ff8bd5eb680 awt.dll
RBX=0x00000244f7dccb40 points into unknown readable memory: 00 bc d5 83 f8 7f 00 00
RCX=0x0000024499b10490 points into unknown readable memory: 80 b6 5e bd f8 7f 00 00
RDX=0x0 is NULL
RSP=0x00000096422fe8f0 is pointing into the stack for thread: 0x00000244f7dcc800
RBP=0x0 is NULL
RSI=0x0000024499b6f1f0 is a global jni handle
RDI=0x0000024499b6f1f8 is a global jni handle
R8 =0x0000000000000004 is an unknown value
R9 =0x00000001000a60f8 is a pointer to class: 
java.awt.Font {0x00000001000a6100}
R10=0x0000000000008000 is an unknown value
R11=0x00000096422fe8f0 is pointing into the stack for thread: 0x00000244f7dcc800
R12=0x0 is NULL
R13={method} {0x00000244ffdc16d8} '_setFont' '(Ljava/awt/Font;)V' in 'sun/awt/windows/WComponentPeer'
R14=0x0000024499b10490 points into unknown readable memory: 80 b6 5e bd f8 7f 00 00
R15=0x0000024499b35a10 points into unknown readable memory: f0 f1 b6 99 44 02 00 00


Registers:
RAX=0x00007ff8bd5eb680, RBX=0x00000244f7dccb40, RCX=0x0000024499b10490, RDX=0x0000000000000000
RSP=0x00000096422fe8f0, RBP=0x0000000000000000, RSI=0x0000024499b6f1f0, RDI=0x0000024499b6f1f8
R8 =0x0000000000000004, R9 =0x00000001000a60f8, R10=0x0000000000008000, R11=0x00000096422fe8f0
R12=0x0000000000000000, R13=0x00000244ffdc16d0, R14=0x0000024499b10490, R15=0x0000024499b35a10
RIP=0x00007ff8bd56fa16, EFLAGS=0x0000000000010206

Top of Stack: (sp=0x00000096422fe8f0)
0x00000096422fe8f0:   0000024499b35a10 0000024499b10490
0x00000096422fe900:   0000024499b35a10 0000024499b10490
0x00000096422fe910:   0000024499b6f1f8 00007ff8bd574921
0x00000096422fe920:   00000244f7dccb40 00000244f7dccb40
0x00000096422fe930:   0000000000000000 0000024499b6f1f0
0x00000096422fe940:   00000244f7dcc800 00000096422fea98
0x00000096422fe950:   0000024499b35a10 00007ff8bd5adbcb
0x00000096422fe960:   00007ff8bd631078 00000096422fea70
0x00000096422fe970:   00007ff8bd5747f4 0000000000000000
0x00000096422fe980:   fffffffffffffffe fffffffffffffffe
0x00000096422fe990:   0000024499b6f1f0 00007ff8bd575ae8
0x00000096422fe9a0:   0000024499b6f1f8 00000096422fea90
0x00000096422fe9b0:   00000096422fea90 00007ff8bd631078
0x00000096422fe9c0:   fffffffffffffffe 00007ff88372f6ac
0x00000096422fe9d0:   0000024488599e03 000002448859fd64
0x00000096422fe9e0:   00000244ffdc16d0 00000000000002c0 

Instructions: (pc=0x00007ff8bd56fa16)
0x00007ff8bd56f916:   00 48 8b d9 e8 d9 dc ff ff 48 8b f8 48 85 c0 75
0x00007ff8bd56f926:   04 48 8b 7b 48 48 8b cf e8 50 19 05 00 48 8b d8
0x00007ff8bd56f936:   48 85 c0 74 60 83 64 24 20 00 0f 57 c0 83 64 24
0x00007ff8bd56f946:   34 00 b9 11 00 00 00 83 64 24 38 00 f3 0f 7f 44
0x00007ff8bd56f956:   24 24 ff 15 da d9 0b 00 4c 8d 44 24 40 ba 5c 00
0x00007ff8bd56f966:   00 00 48 8b c8 ff 15 7f dc 0b 00 83 f8 5c 75 0d
0x00007ff8bd56f976:   48 8d 54 24 40 48 8b cb e8 af 19 05 00 48 8d 54
0x00007ff8bd56f986:   24 20 48 8b cb e8 c6 19 05 00 48 8b d3 48 8b cf
0x00007ff8bd56f996:   e8 73 19 05 00 48 8b 8c 24 a0 00 00 00 48 33 cc
0x00007ff8bd56f9a6:   e8 a5 26 05 00 48 8b 9c 24 c8 00 00 00 48 81 c4
0x00007ff8bd56f9b6:   b0 00 00 00 5f c3 40 53 48 83 ec 20 48 8b d9 ff
0x00007ff8bd56f9c6:   15 bd e1 0b 00 48 85 c0 75 0a 48 8b 4b 48 ff 15
0x00007ff8bd56f9d6:   a6 e1 0b 00 48 83 c4 20 5b c3 4c 63 c2 48 8b 15
0x00007ff8bd56f9e6:   5e c5 0b 00 48 ff 25 37 e0 0b 00 cc cc cc 48 8b
0x00007ff8bd56f9f6:   d1 48 8b 0d 82 f5 0b 00 48 89 15 7b f5 0b 00 e9
0x00007ff8bd56fa06:   5a 67 04 00 cc cc 48 89 5c 24 08 57 48 83 ec 20
0x00007ff8bd56fa16:   83 7a 58 00 48 8b da 48 8b f9 7d 08 48 8b ca e8
0x00007ff8bd56fa26:   32 95 01 00 4c 8b 43 48 45 33 c9 48 8b 4f 48 4d
0x00007ff8bd56fa36:   8b 00 41 8d 51 30 ff 15 ae e2 0b 00 48 8b 4f 48
0x00007ff8bd56fa46:   33 d2 44 8d 42 01 48 8b 5c 24 30 48 83 c4 20 5f
0x00007ff8bd56fa56:   48 ff 25 4b e1 0b 00 cc cc cc 48 8b c4 48 89 58
0x00007ff8bd56fa66:   08 48 89 68 10 48 89 70 18 48 89 78 20 41 56 48
0x00007ff8bd56fa76:   83 ec 20 4c 8b f2 48 8b f9 48 8b 0d f2 13 0c 00
0x00007ff8bd56fa86:   ba 02 00 01 00 41 8b e8 e8 c0 24 05 00 48 8b 97
0x00007ff8bd56fa96:   c0 00 00 00 33 db 48 8b f0 48 85 d2 74 0d 4c 8b
0x00007ff8bd56faa6:   08 48 8b c8 41 ff 91 b0 00 00 00 4d 85 f6 74 14
0x00007ff8bd56fab6:   48 8b 06 49 8b d6 48 8b ce ff 90 a8 00 00 00 48
0x00007ff8bd56fac6:   8b d8 eb 05 bd 01 00 00 00 48 89 9f c0 00 00 00
0x00007ff8bd56fad6:   89 af c8 00 00 00 48 8b 5c 24 30 48 8b 6c 24 38
0x00007ff8bd56fae6:   48 8b 74 24 40 48 8b 7c 24 48 48 83 c4 20 41 5e
0x00007ff8bd56faf6:   c3 cc 48 89 5c 24 08 48 89 6c 24 10 48 89 74 24
0x00007ff8bd56fb06:   18 57 48 83 ec 20 33 db 48 8b f9 48 85 c9 75 09 


Stack slot to memory mapping:
stack at sp + 0 slots: 0x0000024499b35a10 points into unknown readable memory: f0 f1 b6 99 44 02 00 00
stack at sp + 1 slots: 0x0000024499b10490 points into unknown readable memory: 80 b6 5e bd f8 7f 00 00
stack at sp + 2 slots: 0x0000024499b35a10 points into unknown readable memory: f0 f1 b6 99 44 02 00 00
stack at sp + 3 slots: 0x0000024499b10490 points into unknown readable memory: 80 b6 5e bd f8 7f 00 00
stack at sp + 4 slots: 0x0000024499b6f1f8 is a global jni handle
stack at sp + 5 slots: 0x00007ff8bd574921 awt.dll
stack at sp + 6 slots: 0x00000244f7dccb40 points into unknown readable memory: 00 bc d5 83 f8 7f 00 00
stack at sp + 7 slots: 0x00000244f7dccb40 points into unknown readable memory: 00 bc d5 83 f8 7f 00 00


---------------  P R O C E S S  ---------------

Threads class SMR info:
_java_thread_list=0x0000024499b1f650, length=15, elements={
0x00000244f7dcc800, 0x00000244ff787000, 0x00000244ff791000, 0x00000244ff7ab000,
0x00000244ff7ab800, 0x0000024499674000, 0x000002449969b000, 0x000002449969c800,
0x000002449983f800, 0x0000024499844800, 0x0000024499b05000, 0x0000024499b33800,
0x0000024499b3c000, 0x0000024499b3d000, 0x0000024499b15000
}

Java Threads: ( => current thread )
=>0x00000244f7dcc800 JavaThread "main" [_thread_in_native, id=26168, stack(0x0000009642200000,0x0000009642300000)]
  0x00000244ff787000 JavaThread "Reference Handler" daemon [_thread_blocked, id=23056, stack(0x0000009642900000,0x0000009642a00000)]
  0x00000244ff791000 JavaThread "Finalizer" daemon [_thread_blocked, id=13212, stack(0x0000009642a00000,0x0000009642b00000)]
  0x00000244ff7ab000 JavaThread "Signal Dispatcher" daemon [_thread_blocked, id=17308, stack(0x0000009642b00000,0x0000009642c00000)]
  0x00000244ff7ab800 JavaThread "Attach Listener" daemon [_thread_blocked, id=14948, stack(0x0000009642c00000,0x0000009642d00000)]
  0x0000024499674000 JavaThread "C2 CompilerThread0" daemon [_thread_blocked, id=28812, stack(0x0000009642d00000,0x0000009642e00000)]
  0x000002449969b000 JavaThread "C1 CompilerThread0" daemon [_thread_blocked, id=23160, stack(0x0000009642e00000,0x0000009642f00000)]
  0x000002449969c800 JavaThread "Sweeper thread" daemon [_thread_blocked, id=26396, stack(0x0000009642f00000,0x0000009643000000)]
  0x000002449983f800 JavaThread "Service Thread" daemon [_thread_blocked, id=26252, stack(0x0000009643000000,0x0000009643100000)]
  0x0000024499844800 JavaThread "Common-Cleaner" daemon [_thread_blocked, id=26464, stack(0x0000009643200000,0x0000009643300000)]
  0x0000024499b05000 JavaThread "Java2D Disposer" daemon [_thread_blocked, id=27988, stack(0x0000009643300000,0x0000009643400000)]
  0x0000024499b33800 JavaThread "AWT-Shutdown" [_thread_blocked, id=5416, stack(0x0000009643400000,0x0000009643500000)]
  0x0000024499b3c000 JavaThread "AWT-Windows" daemon [_thread_in_native, id=27900, stack(0x0000009643500000,0x0000009643600000)]
  0x0000024499b3d000 JavaThread "C2 CompilerThread1" daemon [_thread_in_native, id=21148, stack(0x0000009643600000,0x0000009643700000)]
  0x0000024499b15000 JavaThread "AWT-EventQueue-0" [_thread_blocked, id=21308, stack(0x0000009643700000,0x0000009643800000)]

Other Threads:
  0x00000244ff762000 VMThread "VM Thread" [stack: 0x0000009642800000,0x0000009642900000] [id=24948]
  0x0000024499843800 WatcherThread [stack: 0x0000009643100000,0x0000009643200000] [id=11576]
  0x00000244f7de3800 GCTaskThread "GC Thread#0" [stack: 0x0000009642300000,0x0000009642400000] [id=12628]
  0x00000244f7e15800 ConcurrentGCThread "G1 Main Marker" [stack: 0x0000009642400000,0x0000009642500000] [id=16792]
  0x00000244f7e16800 ConcurrentGCThread "G1 Conc#0" [stack: 0x0000009642500000,0x0000009642600000] [id=28004]
  0x00000244f7e9e000 ConcurrentGCThread "G1 Refine#0" [stack: 0x0000009642600000,0x0000009642700000] [id=20660]
  0x00000244ff5c9800 ConcurrentGCThread "G1 Young RemSet Sampling" [stack: 0x0000009642700000,0x0000009642800000] [id=8324]

Threads with active compile tasks:
C2 CompilerThread1    479  477       4       jdk.internal.org.objectweb.asm.Frame::execute (2264 bytes)

VM state:not at safepoint (normal execution)

VM Mutex/Monitor currently owned by a thread: None

Heap address: 0x0000000081200000, size: 2030 MB, Compressed Oops mode: 32-bit
Narrow klass base: 0x0000000000000000, Narrow klass shift: 3
Compressed class space size: 1073741824 Address: 0x0000000100000000

Heap:
 garbage-first heap   total 131072K, used 7168K [0x0000000081200000, 0x0000000100000000)
  region size 1024K, 8 young (8192K), 0 survivors (0K)
 Metaspace       used 10262K, capacity 10529K, committed 10624K, reserved 1058816K
  class space    used 1040K, capacity 1149K, committed 1152K, reserved 1048576K
Heap Regions: E=young(eden), S=young(survivor), O=old, HS=humongous(starts), HC=humongous(continues), CS=collection set, F=free, A=archive, TAMS=top-at-mark-start (previous, next)
|   0|0x0000000081200000, 0x0000000081200000, 0x0000000081300000|  0%| F|  |TAMS 0x0000000081200000, 0x0000000081200000| Untracked 
|   1|0x0000000081300000, 0x0000000081300000, 0x0000000081400000|  0%| F|  |TAMS 0x0000000081300000, 0x0000000081300000| Untracked 
|   2|0x0000000081400000, 0x0000000081400000, 0x0000000081500000|  0%| F|  |TAMS 0x0000000081400000, 0x0000000081400000| Untracked 
|   3|0x0000000081500000, 0x0000000081500000, 0x0000000081600000|  0%| F|  |TAMS 0x0000000081500000, 0x0000000081500000| Untracked 
|   4|0x0000000081600000, 0x0000000081600000, 0x0000000081700000|  0%| F|  |TAMS 0x0000000081600000, 0x0000000081600000| Untracked 
|   5|0x0000000081700000, 0x0000000081700000, 0x0000000081800000|  0%| F|  |TAMS 0x0000000081700000, 0x0000000081700000| Untracked 
|   6|0x0000000081800000, 0x0000000081800000, 0x0000000081900000|  0%| F|  |TAMS 0x0000000081800000, 0x0000000081800000| Untracked 
|   7|0x0000000081900000, 0x0000000081900000, 0x0000000081a00000|  0%| F|  |TAMS 0x0000000081900000, 0x0000000081900000| Untracked 
|   8|0x0000000081a00000, 0x0000000081a00000, 0x0000000081b00000|  0%| F|  |TAMS 0x0000000081a00000, 0x0000000081a00000| Untracked 
|   9|0x0000000081b00000, 0x0000000081b00000, 0x0000000081c00000|  0%| F|  |TAMS 0x0000000081b00000, 0x0000000081b00000| Untracked 
|  10|0x0000000081c00000, 0x0000000081c00000, 0x0000000081d00000|  0%| F|  |TAMS 0x0000000081c00000, 0x0000000081c00000| Untracked 
|  11|0x0000000081d00000, 0x0000000081d00000, 0x0000000081e00000|  0%| F|  |TAMS 0x0000000081d00000, 0x0000000081d00000| Untracked 
|  12|0x0000000081e00000, 0x0000000081e00000, 0x0000000081f00000|  0%| F|  |TAMS 0x0000000081e00000, 0x0000000081e00000| Untracked 
|  13|0x0000000081f00000, 0x0000000081f00000, 0x0000000082000000|  0%| F|  |TAMS 0x0000000081f00000, 0x0000000081f00000| Untracked 
|  14|0x0000000082000000, 0x0000000082000000, 0x0000000082100000|  0%| F|  |TAMS 0x0000000082000000, 0x0000000082000000| Untracked 
|  15|0x0000000082100000, 0x0000000082100000, 0x0000000082200000|  0%| F|  |TAMS 0x0000000082100000, 0x0000000082100000| Untracked 
|  16|0x0000000082200000, 0x0000000082200000, 0x0000000082300000|  0%| F|  |TAMS 0x0000000082200000, 0x0000000082200000| Untracked 
|  17|0x0000000082300000, 0x0000000082300000, 0x0000000082400000|  0%| F|  |TAMS 0x0000000082300000, 0x0000000082300000| Untracked 
|  18|0x0000000082400000, 0x0000000082400000, 0x0000000082500000|  0%| F|  |TAMS 0x0000000082400000, 0x0000000082400000| Untracked 
|  19|0x0000000082500000, 0x0000000082500000, 0x0000000082600000|  0%| F|  |TAMS 0x0000000082500000, 0x0000000082500000| Untracked 
|  20|0x0000000082600000, 0x0000000082600000, 0x0000000082700000|  0%| F|  |TAMS 0x0000000082600000, 0x0000000082600000| Untracked 
|  21|0x0000000082700000, 0x0000000082700000, 0x0000000082800000|  0%| F|  |TAMS 0x0000000082700000, 0x0000000082700000| Untracked 
|  22|0x0000000082800000, 0x0000000082800000, 0x0000000082900000|  0%| F|  |TAMS 0x0000000082800000, 0x0000000082800000| Untracked 
|  23|0x0000000082900000, 0x0000000082900000, 0x0000000082a00000|  0%| F|  |TAMS 0x0000000082900000, 0x0000000082900000| Untracked 
|  24|0x0000000082a00000, 0x0000000082a00000, 0x0000000082b00000|  0%| F|  |TAMS 0x0000000082a00000, 0x0000000082a00000| Untracked 
|  25|0x0000000082b00000, 0x0000000082b00000, 0x0000000082c00000|  0%| F|  |TAMS 0x0000000082b00000, 0x0000000082b00000| Untracked 
|  26|0x0000000082c00000, 0x0000000082c00000, 0x0000000082d00000|  0%| F|  |TAMS 0x0000000082c00000, 0x0000000082c00000| Untracked 
|  27|0x0000000082d00000, 0x0000000082d00000, 0x0000000082e00000|  0%| F|  |TAMS 0x0000000082d00000, 0x0000000082d00000| Untracked 
|  28|0x0000000082e00000, 0x0000000082e00000, 0x0000000082f00000|  0%| F|  |TAMS 0x0000000082e00000, 0x0000000082e00000| Untracked 
|  29|0x0000000082f00000, 0x0000000082f00000, 0x0000000083000000|  0%| F|  |TAMS 0x0000000082f00000, 0x0000000082f00000| Untracked 
|  30|0x0000000083000000, 0x0000000083000000, 0x0000000083100000|  0%| F|  |TAMS 0x0000000083000000, 0x0000000083000000| Untracked 
|  31|0x0000000083100000, 0x0000000083100000, 0x0000000083200000|  0%| F|  |TAMS 0x0000000083100000, 0x0000000083100000| Untracked 
|  32|0x0000000083200000, 0x0000000083200000, 0x0000000083300000|  0%| F|  |TAMS 0x0000000083200000, 0x0000000083200000| Untracked 
|  33|0x0000000083300000, 0x0000000083300000, 0x0000000083400000|  0%| F|  |TAMS 0x0000000083300000, 0x0000000083300000| Untracked 
|  34|0x0000000083400000, 0x0000000083400000, 0x0000000083500000|  0%| F|  |TAMS 0x0000000083400000, 0x0000000083400000| Untracked 
|  35|0x0000000083500000, 0x0000000083500000, 0x0000000083600000|  0%| F|  |TAMS 0x0000000083500000, 0x0000000083500000| Untracked 
|  36|0x0000000083600000, 0x0000000083600000, 0x0000000083700000|  0%| F|  |TAMS 0x0000000083600000, 0x0000000083600000| Untracked 
|  37|0x0000000083700000, 0x0000000083700000, 0x0000000083800000|  0%| F|  |TAMS 0x0000000083700000, 0x0000000083700000| Untracked 
|  38|0x0000000083800000, 0x0000000083800000, 0x0000000083900000|  0%| F|  |TAMS 0x0000000083800000, 0x0000000083800000| Untracked 
|  39|0x0000000083900000, 0x0000000083900000, 0x0000000083a00000|  0%| F|  |TAMS 0x0000000083900000, 0x0000000083900000| Untracked 
|  40|0x0000000083a00000, 0x0000000083a00000, 0x0000000083b00000|  0%| F|  |TAMS 0x0000000083a00000, 0x0000000083a00000| Untracked 
|  41|0x0000000083b00000, 0x0000000083b00000, 0x0000000083c00000|  0%| F|  |TAMS 0x0000000083b00000, 0x0000000083b00000| Untracked 
|  42|0x0000000083c00000, 0x0000000083c00000, 0x0000000083d00000|  0%| F|  |TAMS 0x0000000083c00000, 0x0000000083c00000| Untracked 
|  43|0x0000000083d00000, 0x0000000083d00000, 0x0000000083e00000|  0%| F|  |TAMS 0x0000000083d00000, 0x0000000083d00000| Untracked 
|  44|0x0000000083e00000, 0x0000000083e00000, 0x0000000083f00000|  0%| F|  |TAMS 0x0000000083e00000, 0x0000000083e00000| Untracked 
|  45|0x0000000083f00000, 0x0000000083f00000, 0x0000000084000000|  0%| F|  |TAMS 0x0000000083f00000, 0x0000000083f00000| Untracked 
|  46|0x0000000084000000, 0x0000000084000000, 0x0000000084100000|  0%| F|  |TAMS 0x0000000084000000, 0x0000000084000000| Untracked 
|  47|0x0000000084100000, 0x0000000084100000, 0x0000000084200000|  0%| F|  |TAMS 0x0000000084100000, 0x0000000084100000| Untracked 
|  48|0x0000000084200000, 0x0000000084200000, 0x0000000084300000|  0%| F|  |TAMS 0x0000000084200000, 0x0000000084200000| Untracked 
|  49|0x0000000084300000, 0x0000000084300000, 0x0000000084400000|  0%| F|  |TAMS 0x0000000084300000, 0x0000000084300000| Untracked 
|  50|0x0000000084400000, 0x0000000084400000, 0x0000000084500000|  0%| F|  |TAMS 0x0000000084400000, 0x0000000084400000| Untracked 
|  51|0x0000000084500000, 0x0000000084500000, 0x0000000084600000|  0%| F|  |TAMS 0x0000000084500000, 0x0000000084500000| Untracked 
|  52|0x0000000084600000, 0x0000000084600000, 0x0000000084700000|  0%| F|  |TAMS 0x0000000084600000, 0x0000000084600000| Untracked 
|  53|0x0000000084700000, 0x0000000084700000, 0x0000000084800000|  0%| F|  |TAMS 0x0000000084700000, 0x0000000084700000| Untracked 
|  54|0x0000000084800000, 0x0000000084800000, 0x0000000084900000|  0%| F|  |TAMS 0x0000000084800000, 0x0000000084800000| Untracked 
|  55|0x0000000084900000, 0x0000000084900000, 0x0000000084a00000|  0%| F|  |TAMS 0x0000000084900000, 0x0000000084900000| Untracked 
|  56|0x0000000084a00000, 0x0000000084a00000, 0x0000000084b00000|  0%| F|  |TAMS 0x0000000084a00000, 0x0000000084a00000| Untracked 
|  57|0x0000000084b00000, 0x0000000084b00000, 0x0000000084c00000|  0%| F|  |TAMS 0x0000000084b00000, 0x0000000084b00000| Untracked 
|  58|0x0000000084c00000, 0x0000000084c00000, 0x0000000084d00000|  0%| F|  |TAMS 0x0000000084c00000, 0x0000000084c00000| Untracked 
|  59|0x0000000084d00000, 0x0000000084d00000, 0x0000000084e00000|  0%| F|  |TAMS 0x0000000084d00000, 0x0000000084d00000| Untracked 
|  60|0x0000000084e00000, 0x0000000084e00000, 0x0000000084f00000|  0%| F|  |TAMS 0x0000000084e00000, 0x0000000084e00000| Untracked 
|  61|0x0000000084f00000, 0x0000000084f00000, 0x0000000085000000|  0%| F|  |TAMS 0x0000000084f00000, 0x0000000084f00000| Untracked 
|  62|0x0000000085000000, 0x0000000085000000, 0x0000000085100000|  0%| F|  |TAMS 0x0000000085000000, 0x0000000085000000| Untracked 
|  63|0x0000000085100000, 0x0000000085100000, 0x0000000085200000|  0%| F|  |TAMS 0x0000000085100000, 0x0000000085100000| Untracked 
|  64|0x0000000085200000, 0x0000000085200000, 0x0000000085300000|  0%| F|  |TAMS 0x0000000085200000, 0x0000000085200000| Untracked 
|  65|0x0000000085300000, 0x0000000085300000, 0x0000000085400000|  0%| F|  |TAMS 0x0000000085300000, 0x0000000085300000| Untracked 
|  66|0x0000000085400000, 0x0000000085400000, 0x0000000085500000|  0%| F|  |TAMS 0x0000000085400000, 0x0000000085400000| Untracked 
|  67|0x0000000085500000, 0x0000000085500000, 0x0000000085600000|  0%| F|  |TAMS 0x0000000085500000, 0x0000000085500000| Untracked 
|  68|0x0000000085600000, 0x0000000085600000, 0x0000000085700000|  0%| F|  |TAMS 0x0000000085600000, 0x0000000085600000| Untracked 
|  69|0x0000000085700000, 0x0000000085700000, 0x0000000085800000|  0%| F|  |TAMS 0x0000000085700000, 0x0000000085700000| Untracked 
|  70|0x0000000085800000, 0x0000000085800000, 0x0000000085900000|  0%| F|  |TAMS 0x0000000085800000, 0x0000000085800000| Untracked 
|  71|0x0000000085900000, 0x0000000085900000, 0x0000000085a00000|  0%| F|  |TAMS 0x0000000085900000, 0x0000000085900000| Untracked 
|  72|0x0000000085a00000, 0x0000000085a00000, 0x0000000085b00000|  0%| F|  |TAMS 0x0000000085a00000, 0x0000000085a00000| Untracked 
|  73|0x0000000085b00000, 0x0000000085b00000, 0x0000000085c00000|  0%| F|  |TAMS 0x0000000085b00000, 0x0000000085b00000| Untracked 
|  74|0x0000000085c00000, 0x0000000085c00000, 0x0000000085d00000|  0%| F|  |TAMS 0x0000000085c00000, 0x0000000085c00000| Untracked 
|  75|0x0000000085d00000, 0x0000000085d00000, 0x0000000085e00000|  0%| F|  |TAMS 0x0000000085d00000, 0x0000000085d00000| Untracked 
|  76|0x0000000085e00000, 0x0000000085e00000, 0x0000000085f00000|  0%| F|  |TAMS 0x0000000085e00000, 0x0000000085e00000| Untracked 
|  77|0x0000000085f00000, 0x0000000085f00000, 0x0000000086000000|  0%| F|  |TAMS 0x0000000085f00000, 0x0000000085f00000| Untracked 
|  78|0x0000000086000000, 0x0000000086000000, 0x0000000086100000|  0%| F|  |TAMS 0x0000000086000000, 0x0000000086000000| Untracked 
|  79|0x0000000086100000, 0x0000000086100000, 0x0000000086200000|  0%| F|  |TAMS 0x0000000086100000, 0x0000000086100000| Untracked 
|  80|0x0000000086200000, 0x0000000086200000, 0x0000000086300000|  0%| F|  |TAMS 0x0000000086200000, 0x0000000086200000| Untracked 
|  81|0x0000000086300000, 0x0000000086300000, 0x0000000086400000|  0%| F|  |TAMS 0x0000000086300000, 0x0000000086300000| Untracked 
|  82|0x0000000086400000, 0x0000000086400000, 0x0000000086500000|  0%| F|  |TAMS 0x0000000086400000, 0x0000000086400000| Untracked 
|  83|0x0000000086500000, 0x0000000086500000, 0x0000000086600000|  0%| F|  |TAMS 0x0000000086500000, 0x0000000086500000| Untracked 
|  84|0x0000000086600000, 0x0000000086600000, 0x0000000086700000|  0%| F|  |TAMS 0x0000000086600000, 0x0000000086600000| Untracked 
|  85|0x0000000086700000, 0x0000000086700000, 0x0000000086800000|  0%| F|  |TAMS 0x0000000086700000, 0x0000000086700000| Untracked 
|  86|0x0000000086800000, 0x0000000086800000, 0x0000000086900000|  0%| F|  |TAMS 0x0000000086800000, 0x0000000086800000| Untracked 
|  87|0x0000000086900000, 0x0000000086900000, 0x0000000086a00000|  0%| F|  |TAMS 0x0000000086900000, 0x0000000086900000| Untracked 
|  88|0x0000000086a00000, 0x0000000086a00000, 0x0000000086b00000|  0%| F|  |TAMS 0x0000000086a00000, 0x0000000086a00000| Untracked 
|  89|0x0000000086b00000, 0x0000000086b00000, 0x0000000086c00000|  0%| F|  |TAMS 0x0000000086b00000, 0x0000000086b00000| Untracked 
|  90|0x0000000086c00000, 0x0000000086c00000, 0x0000000086d00000|  0%| F|  |TAMS 0x0000000086c00000, 0x0000000086c00000| Untracked 
|  91|0x0000000086d00000, 0x0000000086d00000, 0x0000000086e00000|  0%| F|  |TAMS 0x0000000086d00000, 0x0000000086d00000| Untracked 
|  92|0x0000000086e00000, 0x0000000086e00000, 0x0000000086f00000|  0%| F|  |TAMS 0x0000000086e00000, 0x0000000086e00000| Untracked 
|  93|0x0000000086f00000, 0x0000000086f00000, 0x0000000087000000|  0%| F|  |TAMS 0x0000000086f00000, 0x0000000086f00000| Untracked 
|  94|0x0000000087000000, 0x0000000087000000, 0x0000000087100000|  0%| F|  |TAMS 0x0000000087000000, 0x0000000087000000| Untracked 
|  95|0x0000000087100000, 0x0000000087100000, 0x0000000087200000|  0%| F|  |TAMS 0x0000000087100000, 0x0000000087100000| Untracked 
|  96|0x0000000087200000, 0x0000000087200000, 0x0000000087300000|  0%| F|  |TAMS 0x0000000087200000, 0x0000000087200000| Untracked 
|  97|0x0000000087300000, 0x0000000087300000, 0x0000000087400000|  0%| F|  |TAMS 0x0000000087300000, 0x0000000087300000| Untracked 
|  98|0x0000000087400000, 0x0000000087400000, 0x0000000087500000|  0%| F|  |TAMS 0x0000000087400000, 0x0000000087400000| Untracked 
|  99|0x0000000087500000, 0x0000000087500000, 0x0000000087600000|  0%| F|  |TAMS 0x0000000087500000, 0x0000000087500000| Untracked 
| 100|0x0000000087600000, 0x0000000087600000, 0x0000000087700000|  0%| F|  |TAMS 0x0000000087600000, 0x0000000087600000| Untracked 
| 101|0x0000000087700000, 0x0000000087700000, 0x0000000087800000|  0%| F|  |TAMS 0x0000000087700000, 0x0000000087700000| Untracked 
| 102|0x0000000087800000, 0x0000000087800000, 0x0000000087900000|  0%| F|  |TAMS 0x0000000087800000, 0x0000000087800000| Untracked 
| 103|0x0000000087900000, 0x0000000087900000, 0x0000000087a00000|  0%| F|  |TAMS 0x0000000087900000, 0x0000000087900000| Untracked 
| 104|0x0000000087a00000, 0x0000000087a00000, 0x0000000087b00000|  0%| F|  |TAMS 0x0000000087a00000, 0x0000000087a00000| Untracked 
| 105|0x0000000087b00000, 0x0000000087b00000, 0x0000000087c00000|  0%| F|  |TAMS 0x0000000087b00000, 0x0000000087b00000| Untracked 
| 106|0x0000000087c00000, 0x0000000087c00000, 0x0000000087d00000|  0%| F|  |TAMS 0x0000000087c00000, 0x0000000087c00000| Untracked 
| 107|0x0000000087d00000, 0x0000000087d00000, 0x0000000087e00000|  0%| F|  |TAMS 0x0000000087d00000, 0x0000000087d00000| Untracked 
| 108|0x0000000087e00000, 0x0000000087e00000, 0x0000000087f00000|  0%| F|  |TAMS 0x0000000087e00000, 0x0000000087e00000| Untracked 
| 109|0x0000000087f00000, 0x0000000087f00000, 0x0000000088000000|  0%| F|  |TAMS 0x0000000087f00000, 0x0000000087f00000| Untracked 
| 110|0x0000000088000000, 0x0000000088000000, 0x0000000088100000|  0%| F|  |TAMS 0x0000000088000000, 0x0000000088000000| Untracked 
| 111|0x0000000088100000, 0x0000000088100000, 0x0000000088200000|  0%| F|  |TAMS 0x0000000088100000, 0x0000000088100000| Untracked 
| 112|0x0000000088200000, 0x0000000088200000, 0x0000000088300000|  0%| F|  |TAMS 0x0000000088200000, 0x0000000088200000| Untracked 
| 113|0x0000000088300000, 0x0000000088300000, 0x0000000088400000|  0%| F|  |TAMS 0x0000000088300000, 0x0000000088300000| Untracked 
| 114|0x0000000088400000, 0x0000000088400000, 0x0000000088500000|  0%| F|  |TAMS 0x0000000088400000, 0x0000000088400000| Untracked 
| 115|0x0000000088500000, 0x0000000088500000, 0x0000000088600000|  0%| F|  |TAMS 0x0000000088500000, 0x0000000088500000| Untracked 
| 116|0x0000000088600000, 0x0000000088600000, 0x0000000088700000|  0%| F|  |TAMS 0x0000000088600000, 0x0000000088600000| Untracked 
| 117|0x0000000088700000, 0x0000000088700000, 0x0000000088800000|  0%| F|  |TAMS 0x0000000088700000, 0x0000000088700000| Untracked 
| 118|0x0000000088800000, 0x0000000088800000, 0x0000000088900000|  0%| F|  |TAMS 0x0000000088800000, 0x0000000088800000| Untracked 
| 119|0x0000000088900000, 0x0000000088900000, 0x0000000088a00000|  0%| F|  |TAMS 0x0000000088900000, 0x0000000088900000| Untracked 
| 120|0x0000000088a00000, 0x0000000088a7b668, 0x0000000088b00000| 48%| E|  |TAMS 0x0000000088a00000, 0x0000000088a00000| Complete 
| 121|0x0000000088b00000, 0x0000000088c00000, 0x0000000088c00000|100%| E|CS|TAMS 0x0000000088b00000, 0x0000000088b00000| Complete 
| 122|0x0000000088c00000, 0x0000000088d00000, 0x0000000088d00000|100%| E|CS|TAMS 0x0000000088c00000, 0x0000000088c00000| Complete 
| 123|0x0000000088d00000, 0x0000000088e00000, 0x0000000088e00000|100%| E|CS|TAMS 0x0000000088d00000, 0x0000000088d00000| Complete 
| 124|0x0000000088e00000, 0x0000000088f00000, 0x0000000088f00000|100%| E|CS|TAMS 0x0000000088e00000, 0x0000000088e00000| Complete 
| 125|0x0000000088f00000, 0x0000000089000000, 0x0000000089000000|100%| E|CS|TAMS 0x0000000088f00000, 0x0000000088f00000| Complete 
| 126|0x0000000089000000, 0x0000000089100000, 0x0000000089100000|100%| E|CS|TAMS 0x0000000089000000, 0x0000000089000000| Complete 
| 127|0x0000000089100000, 0x0000000089200000, 0x0000000089200000|100%| E|CS|TAMS 0x0000000089100000, 0x0000000089100000| Complete 

Card table byte_map: [0x00000244fa520000,0x00000244fa920000] _byte_map_base: 0x00000244fa117000

Marking Bits (Prev, Next): (CMBitMap*) 0x00000244f7e0b888, (CMBitMap*) 0x00000244f7e0b8c0
 Prev Bits: [0x00000244fad20000, 0x00000244fccd8000)
 Next Bits: [0x00000244fcce0000, 0x00000244fec98000)

Polling page: 0x00000244f7bc0000

Metaspace:

Usage:
  Non-class:      9.16 MB capacity,     9.01 MB ( 98%) used,   132.06 KB (  1%) free+waste,    25.63 KB ( <1%) overhead. 
      Class:      1.12 MB capacity,     1.02 MB ( 91%) used,    96.02 KB (  8%) free+waste,    12.69 KB (  1%) overhead. 
       Both:     10.28 MB capacity,    10.02 MB ( 97%) used,   228.08 KB (  2%) free+waste,    38.31 KB ( <1%) overhead. 

Virtual space:
  Non-class space:       10.00 MB reserved,       9.25 MB ( 93%) committed 
      Class space:        1.00 GB reserved,       1.13 MB ( <1%) committed 
             Both:        1.01 GB reserved,      10.38 MB (  1%) committed 

Chunk freelists:
   Non-Class:  28.00 KB
       Class:  0 bytes
        Both:  28.00 KB

MaxMetaspaceSize: 17179869184.00 GB
CompressedClassSpaceSize: 1.00 GB

CodeHeap 'non-profiled nmethods': size=120000Kb used=185Kb max_used=185Kb free=119814Kb
 bounds [0x0000024490060000, 0x00000244902d0000, 0x0000024497590000]
CodeHeap 'profiled nmethods': size=120000Kb used=970Kb max_used=970Kb free=119029Kb
 bounds [0x0000024488b30000, 0x0000024488da0000, 0x0000024490060000]
CodeHeap 'non-nmethods': size=5760Kb used=1144Kb max_used=1160Kb free=4615Kb
 bounds [0x0000024488590000, 0x0000024488800000, 0x0000024488b30000]
 total_blobs=1489 nmethods=620 adapters=386
 compilation: enabled
              stopped_count=0, restarted_count=0
 full_count=0

Compilation events (20 events):
Event: 0.387 Thread 0x000002449969b000  602       3       java.lang.invoke.DirectMethodHandle::make (21 bytes)
Event: 0.387 Thread 0x000002449969b000 nmethod 602 0x0000024488c1b990 code [0x0000024488c1bb60, 0x0000024488c1bdb0]
Event: 0.387 Thread 0x000002449969b000  604       3       java.lang.invoke.ClassSpecializer::classBCName (33 bytes)
Event: 0.387 Thread 0x000002449969b000 nmethod 604 0x0000024488c1be90 code [0x0000024488c1c040, 0x0000024488c1c1d0]
Event: 0.387 Thread 0x000002449969b000  605       3       java.lang.invoke.ClassSpecializer::className (33 bytes)
Event: 0.387 Thread 0x000002449969b000 nmethod 605 0x0000024488c1c290 code [0x0000024488c1c460, 0x0000024488c1c6b0]
Event: 0.387 Thread 0x000002449969b000  608       3       java.lang.invoke.ClassSpecializer::classSig (94 bytes)
Event: 0.388 Thread 0x000002449969b000 nmethod 608 0x0000024488c1c790 code [0x0000024488c1ca00, 0x0000024488c1d280]
Event: 0.388 Thread 0x000002449969b000  610       3       jdk.internal.org.objectweb.asm.MethodWriter::noSuccessor (95 bytes)
Event: 0.388 Thread 0x000002449969b000 nmethod 610 0x0000024488c1d590 code [0x0000024488c1d7a0, 0x0000024488c1de10]
Event: 0.388 Thread 0x000002449969b000  611       3       java.lang.invoke.MethodHandles$Lookup::restrictProtectedReceiver (51 bytes)
Event: 0.389 Thread 0x000002449969b000 nmethod 611 0x0000024488c1e010 code [0x0000024488c1e2c0, 0x0000024488c1ee90]
Event: 0.389 Thread 0x000002449969b000  612       3       java.lang.invoke.MemberName::isProtected (8 bytes)
Event: 0.389 Thread 0x000002449969b000 nmethod 612 0x0000024488c1f210 code [0x0000024488c1f3c0, 0x0000024488c1f5d8]
Event: 0.389 Thread 0x000002449969b000  614       3       jdk.internal.org.objectweb.asm.MethodWriter::visitLabel (321 bytes)
Event: 0.390 Thread 0x000002449969b000 nmethod 614 0x0000024488c1f690 code [0x0000024488c1f900, 0x0000024488c205b0]
Event: 0.390 Thread 0x000002449969b000  616       3       java.lang.invoke.ClassSpecializer$Factory$1Var::emitVarInstruction (73 bytes)
Event: 0.391 Thread 0x000002449969b000 nmethod 616 0x0000024488c20890 code [0x0000024488c20b40, 0x0000024488c21680]
Event: 0.391 Thread 0x000002449969b000  617       3       java.lang.invoke.ClassSpecializer$Factory::typeLoadOp (90 bytes)
Event: 0.391 Thread 0x000002449969b000 nmethod 617 0x0000024488c21a90 code [0x0000024488c21d00, 0x0000024488c22700]

GC Heap History (0 events):
No events

Deoptimization events (4 events):
Event: 0.115 Thread 0x00000244f7dcc800 Uncommon trap: trap_request=0xffffff4d fr.pc=0x0000024490064b10 relative=0x00000000000001f0
Event: 0.115 Thread 0x00000244f7dcc800 Uncommon trap: reason=unstable_if action=reinterpret pc=0x0000024490064b10 method=java.lang.String.hashCode()I @ 14 c2
Event: 0.115 Thread 0x00000244f7dcc800 DEOPT PACKING pc=0x0000024490064b10 sp=0x00000096422fd440
Event: 0.115 Thread 0x00000244f7dcc800 DEOPT UNPACKING pc=0x00000244885b8f2f sp=0x00000096422fd3d8 mode 2

Classes redefined (0 events):
No events

Internal exceptions (18 events):
Event: 0.160 Thread 0x00000244f7dcc800 Exception <a 'java/lang/ClassNotFoundException'{0x000000008906bf10}: sun/awt/resources/spi/awtProvider> (0x000000008906bf10) thrown at [./src/hotspot/share/classfile/systemDictionary.cpp, line 231]
Event: 0.201 Thread 0x00000244f7dcc800 Exception <a 'java/io/FileNotFoundException'{0x0000000088f80a68}> (0x0000000088f80a68) thrown at [./src/hotspot/share/prims/jni.cpp, line 615]
Event: 0.213 Thread 0x00000244f7dcc800 Exception <a 'java/lang/NoSuchMethodError'{0x0000000088fdba50}: 'java.lang.Object java.lang.invoke.DirectMethodHandle$Holder.invokeStatic(java.lang.Object, java.lang.Object, java.lang.Object, java.lang.Object, java.lang.Object, java.lang.Object, java.lang.Object, java.lang.Object, java.lang.Object, java.lang.Object, java.lang.Object, java.lang.Object, java.lang.Object, java.lang.Object, java.lang.Object)'> (0x0000000088fdba50) thrown at [./src/hotspot/share/interpreter/linkResolver.cpp, line 773]
Event: 0.215 Thread 0x00000244f7dcc800 Exception <a 'java/lang/NoSuchMethodError'{0x0000000088fe97c0}: 'java.lang.Object java.lang.invoke.DirectMethodHandle$Holder.invokeStatic(java.lang.Object, java.lang.Object, java.lang.Object, java.lang.Object, java.lang.Object, java.lang.Object, java.lang.Object, java.lang.Object, java.lang.Object, java.lang.Object, java.lang.Object, java.lang.Object, java.lang.Object, java.lang.Object, java.lang.Object, java.lang.Object)'> (0x0000000088fe97c0) thrown at [./src/hotspot/share/interpreter/linkResolver.cpp, l
Event: 0.216 Thread 0x00000244f7dcc800 Exception <a 'java/lang/NoSuchMethodError'{0x0000000088ff7770}: 'java.lang.Object java.lang.invoke.DirectMethodHandle$Holder.invokeSpecial(java.lang.Object, java.lang.Object, int, int, java.lang.Object, java.lang.Object, java.lang.Object)'> (0x0000000088ff7770) thrown at [./src/hotspot/share/interpreter/linkResolver.cpp, line 773]
Event: 0.217 Thread 0x00000244f7dcc800 Exception <a 'java/lang/NoSuchMethodError'{0x0000000088ffad00}: 'java.lang.Object java.lang.invoke.DelegatingMethodHandle$Holder.reinvoke_L(java.lang.Object, int, int, java.lang.Object, java.lang.Object, java.lang.Object)'> (0x0000000088ffad00) thrown at [./src/hotspot/share/interpreter/linkResolver.cpp, line 773]
Event: 0.217 Thread 0x00000244f7dcc800 Exception <a 'java/lang/NoSuchMethodError'{0x0000000088ffede0}: 'java.lang.Object java.lang.invoke.DirectMethodHandle$Holder.invokeStatic(java.lang.Object, java.lang.Object, java.lang.Object, java.lang.Object, int)'> (0x0000000088ffede0) thrown at [./src/hotspot/share/interpreter/linkResolver.cpp, line 773]
Event: 0.227 Thread 0x00000244f7dcc800 Exception <a 'java/io/FileNotFoundException'{0x0000000088e620f0}> (0x0000000088e620f0) thrown at [./src/hotspot/share/prims/jni.cpp, line 615]
Event: 0.283 Thread 0x0000024499b3c000 Exception <a 'java/lang/NoSuchMethodError'{0x0000000088efb600}: 'void java.lang.invoke.DirectMethodHandle$Holder.invokeSpecial(java.lang.Object, java.lang.Object)'> (0x0000000088efb600) thrown at [./src/hotspot/share/interpreter/linkResolver.cpp, line 773]
Event: 0.287 Thread 0x00000244f7dcc800 Exception <a 'java/lang/NoSuchMethodError'{0x0000000088d9b438}: 'java.lang.Object java.lang.invoke.DirectMethodHandle$Holder.invokeStatic(java.lang.Object, java.lang.Object, java.lang.Object, java.lang.Object, java.lang.Object, java.lang.Object, java.lang.Object, java.lang.Object, int)'> (0x0000000088d9b438) thrown at [./src/hotspot/share/interpreter/linkResolver.cpp, line 773]
Event: 0.289 Thread 0x00000244f7dcc800 Exception <a 'java/lang/NoSuchMethodError'{0x0000000088db5398}: 'java.lang.Object java.lang.invoke.DirectMethodHandle$Holder.invokeStatic(java.lang.Object, java.lang.Object, java.lang.Object, java.lang.Object, java.lang.Object, java.lang.Object, java.lang.Object, java.lang.Object, int, int)'> (0x0000000088db5398) thrown at [./src/hotspot/share/interpreter/linkResolver.cpp, line 773]
Event: 0.335 Thread 0x00000244f7dcc800 Exception <a 'java/lang/NoSuchMethodError'{0x0000000088c56bb0}: 'void java.lang.invoke.DirectMethodHandle$Holder.invokeStaticInit(java.lang.Object)'> (0x0000000088c56bb0) thrown at [./src/hotspot/share/interpreter/linkResolver.cpp, line 773]
Event: 0.346 Thread 0x00000244f7dcc800 Exception <a 'java/io/FileNotFoundException'{0x0000000088c65e98}> (0x0000000088c65e98) thrown at [./src/hotspot/share/prims/jni.cpp, line 615]
Event: 0.346 Thread 0x00000244f7dcc800 Exception <a 'java/lang/NullPointerException'{0x0000000088c66788}> (0x0000000088c66788) thrown at [./src/hotspot/share/interpreter/linkResolver.cpp, line 1358]
Event: 0.386 Thread 0x00000244f7dcc800 Exception <a 'java/lang/NoSuchMethodError'{0x0000000088bd0c10}: 'java.lang.Object java.lang.invoke.DirectMethodHandle$Holder.invokeStatic(java.lang.Object, java.lang.Object, java.lang.Object, java.lang.Object, java.lang.Object, java.lang.Object, java.lang.Object, java.lang.Object, java.lang.Object, java.lang.Object, java.lang.Object, int)'> (0x0000000088bd0c10) thrown at [./src/hotspot/share/interpreter/linkResolver.cpp, line 773]
Event: 0.388 Thread 0x00000244f7dcc800 Exception <a 'java/lang/NoSuchMethodError'{0x0000000088bef0d0}: 'java.lang.Object java.lang.invoke.DirectMethodHandle$Holder.invokeStatic(java.lang.Object, java.lang.Object, java.lang.Object, java.lang.Object, java.lang.Object, java.lang.Object, java.lang.Object, java.lang.Object, java.lang.Object, java.lang.Object, java.lang.Object, int, int)'> (0x0000000088bef0d0) thrown at [./src/hotspot/share/interpreter/linkResolver.cpp, line 773]
Event: 0.390 Thread 0x00000244f7dcc800 Exception <a 'java/lang/NoSuchMethodError'{0x0000000088a0e768}: 'java.lang.Object java.lang.invoke.DirectMethodHandle$Holder.invokeStatic(java.lang.Object, java.lang.Object, java.lang.Object, java.lang.Object, java.lang.Object, java.lang.Object, java.lang.Object, java.lang.Object, java.lang.Object, java.lang.Object, java.lang.Object, int, int, java.lang.Object)'> (0x0000000088a0e768) thrown at [./src/hotspot/share/interpreter/linkResolver.cpp, line 773]
Event: 0.391 Thread 0x00000244f7dcc800 Exception <a 'java/lang/NoSuchMethodError'{0x0000000088a1a718}: 'java.lang.Object java.lang.invoke.Invokers$Holder.linkToTargetMethod(java.lang.Object, int, java.lang.Object)'> (0x0000000088a1a718) thrown at [./src/hotspot/share/interpreter/linkResolver.cpp, line 773]

Events (20 events):
Event: 0.380 loading class sun/awt/AWTCharset$Encoder done
Event: 0.380 loading class sun/awt/windows/WDefaultFontCharset$Encoder done
Event: 0.380 loading class sun/nio/cs/SingleByte$Encoder
Event: 0.380 loading class sun/nio/cs/SingleByte$Encoder done
Event: 0.381 loading class java/io/ByteArrayOutputStream
Event: 0.381 loading class java/io/ByteArrayOutputStream done
Event: 0.381 loading class sun/awt/windows/WingDings
Event: 0.381 loading class sun/awt/windows/WingDings done
Event: 0.381 loading class sun/awt/windows/WingDings$Encoder
Event: 0.381 loading class sun/awt/windows/WingDings$Encoder done
Event: 0.381 loading class sun/awt/Symbol
Event: 0.381 loading class sun/awt/Symbol done
Event: 0.381 loading class sun/awt/Symbol$Encoder
Event: 0.382 loading class sun/awt/Symbol$Encoder done
Event: 0.385 loading class java/lang/invoke/BoundMethodHandle$Species_LLLLLLLLI
Event: 0.385 loading class java/lang/invoke/BoundMethodHandle$Species_LLLLLLLLI done
Event: 0.387 loading class java/lang/invoke/BoundMethodHandle$Species_LLLLLLLLII
Event: 0.387 loading class java/lang/invoke/BoundMethodHandle$Species_LLLLLLLLII done
Event: 0.389 loading class java/lang/invoke/BoundMethodHandle$Species_LLLLLLLLIIL
Event: 0.389 loading class java/lang/invoke/BoundMethodHandle$Species_LLLLLLLLIIL done


Dynamic libraries:
0x00007ff6f2c10000 - 0x00007ff6f2c1d000 	C:\Program Files\AdoptOpenJDK\jdk-11.0.7.10-hotspot\bin\java.exe
0x00007ff8f6ea0000 - 0x00007ff8f7090000 	C:\WINDOWS\SYSTEM32\ntdll.dll
0x00007ff8f5940000 - 0x00007ff8f59f2000 	C:\WINDOWS\System32\KERNEL32.DLL
0x00007ff8f4850000 - 0x00007ff8f4af4000 	C:\WINDOWS\System32\KERNELBASE.dll
0x00007ff8f4b00000 - 0x00007ff8f4bfa000 	C:\WINDOWS\System32\ucrtbase.dll
0x00007ff8dc800000 - 0x00007ff8dc817000 	C:\Program Files\AdoptOpenJDK\jdk-11.0.7.10-hotspot\bin\jli.dll
0x00007ff8dc820000 - 0x00007ff8dc835000 	C:\Program Files\AdoptOpenJDK\jdk-11.0.7.10-hotspot\bin\VCRUNTIME140.dll
0x00007ff8f5500000 - 0x00007ff8f5694000 	C:\WINDOWS\System32\USER32.dll
0x00007ff8f3ec0000 - 0x00007ff8f3ee1000 	C:\WINDOWS\System32\win32u.dll
0x00007ff8e16a0000 - 0x00007ff8e1924000 	C:\WINDOWS\WinSxS\amd64_microsoft.windows.common-controls_6595b64144ccf1df_6.0.18362.959_none_e6c7bbbf130c62bb\COMCTL32.dll
0x00007ff8f5ee0000 - 0x00007ff8f5f06000 	C:\WINDOWS\System32\GDI32.dll
0x00007ff8f6220000 - 0x00007ff8f62be000 	C:\WINDOWS\System32\msvcrt.dll
0x00007ff8f4db0000 - 0x00007ff8f4f46000 	C:\WINDOWS\System32\gdi32full.dll
0x00007ff8f5ba0000 - 0x00007ff8f5ed5000 	C:\WINDOWS\System32\combase.dll
0x00007ff8f3e20000 - 0x00007ff8f3ebe000 	C:\WINDOWS\System32\msvcp_win.dll
0x00007ff8f6bc0000 - 0x00007ff8f6ce0000 	C:\WINDOWS\System32\RPCRT4.dll
0x00007ff8f4c30000 - 0x00007ff8f4cb0000 	C:\WINDOWS\System32\bcryptPrimitives.dll
0x00007ff8f6b90000 - 0x00007ff8f6bbe000 	C:\WINDOWS\System32\IMM32.DLL
0x00007ff8bfbc0000 - 0x00007ff8bfc5b000 	C:\Program Files\AdoptOpenJDK\jdk-11.0.7.10-hotspot\bin\msvcp140.dll
0x00007ff8833d0000 - 0x00007ff883e8c000 	C:\Program Files\AdoptOpenJDK\jdk-11.0.7.10-hotspot\bin\server\jvm.dll
0x00007ff8f62e0000 - 0x00007ff8f6383000 	C:\WINDOWS\System32\ADVAPI32.dll
0x00007ff8f6ce0000 - 0x00007ff8f6d77000 	C:\WINDOWS\System32\sechost.dll
0x00007ff8f57d0000 - 0x00007ff8f57d8000 	C:\WINDOWS\System32\PSAPI.DLL
0x00007ff8dd3a0000 - 0x00007ff8dd3a9000 	C:\WINDOWS\SYSTEM32\WSOCK32.dll
0x00007ff8ea600000 - 0x00007ff8ea624000 	C:\WINDOWS\SYSTEM32\WINMM.dll
0x00007ff8eaae0000 - 0x00007ff8eaaea000 	C:\WINDOWS\SYSTEM32\VERSION.dll
0x00007ff8f60c0000 - 0x00007ff8f612f000 	C:\WINDOWS\System32\WS2_32.dll
0x00007ff8ea3b0000 - 0x00007ff8ea3dd000 	C:\WINDOWS\SYSTEM32\WINMMBASE.dll
0x00007ff8f4cb0000 - 0x00007ff8f4cfa000 	C:\WINDOWS\System32\cfgmgr32.dll
0x00007ff8f3d60000 - 0x00007ff8f3d71000 	C:\WINDOWS\System32\kernel.appcore.dll
0x00007ff8eb980000 - 0x00007ff8eb990000 	C:\Program Files\AdoptOpenJDK\jdk-11.0.7.10-hotspot\bin\verify.dll
0x00007ff8ed680000 - 0x00007ff8ed874000 	C:\WINDOWS\SYSTEM32\DBGHELP.DLL
0x00007ff8ed640000 - 0x00007ff8ed66a000 	C:\WINDOWS\SYSTEM32\dbgcore.DLL
0x00007ff8d5e10000 - 0x00007ff8d5e38000 	C:\Program Files\AdoptOpenJDK\jdk-11.0.7.10-hotspot\bin\java.dll
0x00007ff8d7150000 - 0x00007ff8d7166000 	C:\Program Files\AdoptOpenJDK\jdk-11.0.7.10-hotspot\bin\zip.dll
0x00007ff8e7d60000 - 0x00007ff8e7d6a000 	C:\Program Files\AdoptOpenJDK\jdk-11.0.7.10-hotspot\bin\jimage.dll
0x00007ff8f6390000 - 0x00007ff8f6a76000 	C:\WINDOWS\System32\SHELL32.dll
0x00007ff8f56a0000 - 0x00007ff8f5749000 	C:\WINDOWS\System32\shcore.dll
0x00007ff8f3f10000 - 0x00007ff8f4692000 	C:\WINDOWS\System32\windows.storage.dll
0x00007ff8f3d80000 - 0x00007ff8f3da3000 	C:\WINDOWS\System32\profapi.dll
0x00007ff8f3db0000 - 0x00007ff8f3dfa000 	C:\WINDOWS\System32\powrprof.dll
0x00007ff8f3d50000 - 0x00007ff8f3d60000 	C:\WINDOWS\System32\UMPDC.dll
0x00007ff8f6a80000 - 0x00007ff8f6ad2000 	C:\WINDOWS\System32\shlwapi.dll
0x00007ff8f3ef0000 - 0x00007ff8f3f07000 	C:\WINDOWS\System32\cryptsp.dll
0x00007ff8bd4e0000 - 0x00007ff8bd679000 	C:\Program Files\AdoptOpenJDK\jdk-11.0.7.10-hotspot\bin\awt.dll
0x00007ff8f5ad0000 - 0x00007ff8f5b95000 	C:\WINDOWS\System32\OLEAUT32.dll
0x00007ff8f1ee0000 - 0x00007ff8f1f6f000 	C:\WINDOWS\SYSTEM32\apphelp.dll
0x00007ff8f24f0000 - 0x00007ff8f251d000 	C:\WINDOWS\system32\DWMAPI.DLL
0x00007ff8f2020000 - 0x00007ff8f20b9000 	C:\WINDOWS\system32\uxtheme.dll
0x00007ff8d6ae0000 - 0x00007ff8d6c36000 	C:\WINDOWS\system32\opengl32.dll
0x00007ff8de270000 - 0x00007ff8de29c000 	C:\WINDOWS\SYSTEM32\GLU32.dll
0x00007ff8f29c0000 - 0x00007ff8f29e0000 	C:\WINDOWS\SYSTEM32\dxcore.dll
0x00007ff8f4f50000 - 0x00007ff8f5085000 	C:\WINDOWS\System32\MSCTF.dll
0x00007ff8f57e0000 - 0x00007ff8f5937000 	C:\WINDOWS\System32\ole32.dll
0x00007ff8c4090000 - 0x00007ff8c4112000 	C:\Program Files\AdoptOpenJDK\jdk-11.0.7.10-hotspot\bin\freetype.dll
0x00007ff8c1e60000 - 0x00007ff8c1f06000 	C:\Program Files\AdoptOpenJDK\jdk-11.0.7.10-hotspot\bin\fontmanager.dll

dbghelp: loaded successfully - version: 4.0.5 - missing functions: none
symbol engine: initialized successfully - sym options: 0x614 - pdb path: .;C:\Program Files\AdoptOpenJDK\jdk-11.0.7.10-hotspot\bin;C:\WINDOWS\SYSTEM32;C:\WINDOWS\WinSxS\amd64_microsoft.windows.common-controls_6595b64144ccf1df_6.0.18362.959_none_e6c7bbbf130c62bb;C:\Program Files\AdoptOpenJDK\jdk-11.0.7.10-hotspot\bin\server

VM Arguments:
jvm_args: -Dfile.encoding=UTF-8 
java_command: Main
java_class_path (initial): C:\Users\miyuki\AppData\Roaming\Code\User\workspaceStorage\6ad29034d915c8a0c9e8a11c97b830da\redhat.java\jdt_ws\FinalTask_1e9f821c\bin
Launcher Type: SUN_STANDARD

[Global flags]
     intx CICompilerCount                          = 4                                         {product} {ergonomic}
     uint ConcGCThreads                            = 2                                         {product} {ergonomic}
     uint G1ConcRefinementThreads                  = 8                                         {product} {ergonomic}
   size_t G1HeapRegionSize                         = 1048576                                   {product} {ergonomic}
    uintx GCDrainStackTargetSize                   = 64                                        {product} {ergonomic}
   size_t InitialHeapSize                          = 134217728                                 {product} {ergonomic}
   size_t MarkStackSize                            = 4194304                                   {product} {ergonomic}
   size_t MaxHeapSize                              = 2128609280                                {product} {ergonomic}
   size_t MaxNewSize                               = 1277165568                                {product} {ergonomic}
   size_t MinHeapDeltaBytes                        = 1048576                                   {product} {ergonomic}
    uintx NonNMethodCodeHeapSize                   = 5836300                                {pd product} {ergonomic}
    uintx NonProfiledCodeHeapSize                  = 122910970                              {pd product} {ergonomic}
    uintx ProfiledCodeHeapSize                     = 122910970                              {pd product} {ergonomic}
    uintx ReservedCodeCacheSize                    = 251658240                              {pd product} {ergonomic}
     bool SegmentedCodeCache                       = true                                      {product} {ergonomic}
     bool UseCompressedClassPointers               = true                                 {lp64_product} {ergonomic}
     bool UseCompressedOops                        = true                                 {lp64_product} {ergonomic}
     bool UseG1GC                                  = true                                      {product} {ergonomic}
     bool UseLargePagesIndividualAllocation        = false                                  {pd product} {ergonomic}

Logging:
Log output configuration:
 #0: stdout all=warning uptime,level,tags
 #1: stderr all=off uptime,level,tags

Environment Variables:
PATH=C:\Program Files\AdoptOpenJDK\jdk-11.0.7.10-hotspot\bin;C:\Program Files (x86)\Intel\iCLS Client\;C:\Program Files\Intel\iCLS Client\;C:\WINDOWS\system32;C:\WINDOWS;C:\WINDOWS\System32\Wbem;C:\WINDOWS\System32\WindowsPowerShell\v1.0\;C:\Program Files\Intel\Intel(R) Management Engine Components\DAL;C:\Program Files\Intel\Intel(R) Management Engine Components\IPT;C:\Program Files (x86)\Intel\Intel(R) Management Engine Components\DAL;C:\Program Files (x86)\Intel\Intel(R) Management Engine Components\IPT;C:\Program Files (x86)\Common Files\Roxio Shared\DLLShared\;C:\Program Files (x86)\Common Files\Roxio Shared\OEM\12.0\DLLShared\;C:\Program Files (x86)\Roxio 2010\OEM\AudioCore\;C:\Program Files (x86)\Windows Live\Shared;C:\WINDOWS\System32\OpenSSH\;C:\Program Files\Intel\WiFi\bin\;C:\Program Files\Common Files\Intel\WirelessCommon\;C:\Users\miyuki\AppData\Local\Microsoft\WindowsApps;;C:\Users\miyuki\AppData\Local\Programs\Microsoft VS Code\bin
USERNAME=miyuki
OS=Windows_NT
PROCESSOR_IDENTIFIER=Intel64 Family 6 Model 60 Stepping 3, GenuineIntel



---------------  S Y S T E M  ---------------

OS: Windows 10 , 64 bit Build 18362 (10.0.18362.959)
OS uptime: 14 days 13:59 hours

CPU:total 8 (initial active 8) (4 cores per cpu, 2 threads per core) family 6 model 60 stepping 3, cmov, cx8, fxsr, mmx, sse, sse2, sse3, ssse3, sse4.1, sse4.2, popcnt, avx, avx2, aes, clmul, erms, lzcnt, ht, tsc, tscinvbit, bmi1, bmi2, fma

Memory: 4k page, system-wide physical 8117M (1690M free)
TotalPageFile size 12537M (AvailPageFile size 1508M)
current process WorkingSet (physical memory assigned to process): 57M, peak: 57M
current process commit charge ("private bytes"): 222M, peak: 222M

vm_info: OpenJDK 64-Bit Server VM (11.0.7+10) for windows-amd64 JRE (11.0.7+10), built on Apr 16 2020 11:43:40 by "" with MS VC++ 15.9 (VS2017)

END.
