7...4.3..
.637....2
..5936.4.
...4.....
.873.146.
.....8...
.7.6531..
9....457.
..4.7...8
Fixed Temporaly at (0,1) => 1
71..4.3..
.637....2
..5936.4.
...4.....
.873.146.
.....8...
.7.6531..
9....457.
..4.7...8
Fixed at (1,2) => 2
71..4.3..
.637....2
.25936.4.
...4.....
.873.146.
.....8...
.7.6531..
9....457.
..4.7...8
Fixed at (1,7) => 3
71..4.3..
.637....2
.25936.4.
...4.....
.873.146.
.....8...
.7.6531..
93...457.
..4.7...8
Fixed Temporaly at (0,2) => 2
712.4.3..
.637....2
.25936.4.
...4.....
.873.146.
.....8...
.7.6531..
93...457.
..4.7...8
Fixed Temporaly at (0,3) => 5
71254.3..
.637....2
.25936.4.
...4.....
.873.146.
.....8...
.7.6531..
93...457.
..4.7...8
Fixed at (5,0) => 9
7125493..
.637....2
.25936.4.
...4.....
.873.146.
.....8...
.7.6531..
93...457.
..4.7...8
Fixed at (7,0) => 8
Fixed at (8,0) => 6
Fixed at (5,1) => 5
712549386
.637.5..2
.25936.4.
...4.....
.873.146.
.....8...
.7.6531..
93...457.
..4.7...8
Fixed at (8,7) => 1
Fixed at (5,8) => 2
712549386
.637.5..2
.25936.4.
...4.....
.873.146.
.....8...
.7.6531..
93...4571
..4.72..8
Fixed at (8,2) => 7
Fixed at (5,3) => 7
Fixed at (3,8) => 1
712549386
.637.5..2
.25936.47
...4.7...
.873.146.
.....8...
.7.6531..
93...4571
..4172..8
Fixed at (6,2) => 8
Fixed at (3,5) => 2
Fixed at (6,5) => 7
712549386
.637.5..2
.25936847
...4.7...
.873.146.
...2.87..
.7.6531..
93...4571
..4172..8
Fixed at (6,1) => 9
Fixed at (0,2) => 1
Fixed at (3,7) => 8
712549386
.637.59.2
125936847
...4.7...
.873.146.
...2.87..
.7.6531..
93.8.4571
..4172..8
Fixed at (7,1) => 1
Fixed at (2,7) => 6
Fixed at (6,8) => 6
712549386
.637.5912
125936847
...4.7...
.873.146.
...2.87..
.7.6531..
9368.4571
..41726.8
Fixed at (4,1) => 8
Fixed at (6,3) => 2
Fixed at (4,7) => 2
712549386
.63785912
125936847
...4.72..
.873.146.
...2.87..
.7.6531..
936824571
..41726.8
Fixed at (0,1) => 4
Fixed at (4,4) => 9
712549386
463785912
125936847
...4.72..
.8739146.
...2.87..
.7.6531..
936824571
..41726.8
Fixed at (8,4) => 5
712549386
463785912
125936847
...4.72..
.87391465
...2.87..
.7.6531..
936824571
..41726.8
Fixed at (0,4) => 2
712549386
463785912
125936847
...4.72..
287391465
...2.87..
.7.6531..
936824571
..41726.8
Fixed at (0,6) => 8
Fixed at (7,6) => 2
712549386
463785912
125936847
...4.72..
287391465
...2.87..
87.65312.
936824571
..41726.8
Fixed at (2,6) => 9
Fixed at (2,3) => 8
712549386
463785912
125936847
..84.72..
287391465
...2.87..
87965312.
936824571
..41726.8
Fixed at (2,5) => 1
Fixed at (8,6) => 4
712549386
463785912
125936847
..84.72..
287391465
..12.87..
879653124
936824571
..41726.8
Fixed at (4,5) => 6
Fixed at (4,3) => 1
Fixed at (1,5) => 4
712549386
463785912
125936847
..84172..
287391465
.412687..
879653124
936824571
..41726.8
Fixed at (0,3) => 6
712549386
463785912
125936847
6.84172..
287391465
.412687..
879653124
936824571
..41726.8
Fixed Temporaly at (3,1) => 5
712549386
463785912
125936847
6584172..
287391465
.412687..
879653124
936824571
..41726.8
Fixed at (1,8) => 9
712549386
463785912
125936847
6584172..
287391465
.412687..
879653124
936824571
.941726.8
Fixed Temporaly at (3,7) => 3
712549386
463785912
125936847
65841723.
287391465
.412687..
879653124
936824571
.941726.8
Fixed at (8,3) => 9
Fixed at (7,8) => 5
712549386
463785912
125936847
658417239
287391465
.412687..
879653124
936824571
.94172658
Fixed at (7,5) => 9
Fixed at (8,5) => 3
Fixed at (0,8) => 3
Fixed at (0,5) => 5
712549386
463785912
125936847
658417239
287391465
541268793
879653124
936824571
394172658
Solved
