7...4.3..
.637....2
..5936.4.
...4.....
.873.146.
.....8...
.7.6531..
9....457.
..4.7...8
Fixed at (5,1) => 5
Fixed at (8,6) => 4
7...4.3..
.637.5..2
..5936.4.
...4.....
.873.146.
.....8...
.7.6531.4
9....457.
..4.7...8
Fixed at (5,0) => 2
7...423..
.637.5..2
..5936.4.
...4.....
.873.146.
.....8...
.7.6531.4
9....457.
..4.7...8
Fixed at (5,8) => 9
7...423..
.637.5..2
..5936.4.
...4.....
.873.146.
.....8...
.7.6531.4
9....457.
..4.79..8
Fixed at (5,3) => 7
7...423..
.637.5..2
..5936.4.
...4.7...
.873.146.
.....8...
.7.6531.4
9....457.
..4.79..8
Fixed Temporaly at (0,1) => 1
71..423..
.637.5..2
..5936.4.
...4.7...
.873.146.
.....8...
.7.6531.4
9....457.
..4.79..8
Fixed at (3,0) => 8
Fixed at (1,2) => 2
71.8423..
.637.5..2
.25936.4.
...4.7...
.873.146.
.....8...
.7.6531.4
9....457.
..4.79..8
Fixed at (2,0) => 9
Fixed at (4,1) => 1
Fixed at (0,2) => 8
Fixed at (1,7) => 3
7198423..
.63715..2
825936.4.
...4.7...
.873.146.
.....8...
.7.6531.4
93...457.
..4.79..8
Fixed at (7,0) => 5
Fixed at (0,1) => 4
Fixed at (6,2) => 7
Fixed at (0,6) => 2
Fixed at (8,7) => 6
Fixed at (1,8) => 5
71984235.
463715..2
82593674.
...4.7...
.873.146.
.....8...
27.6531.4
93...4576
.54.79..8
Temporaly-fixing failed
Fixed Temporaly at (0,1) => 9
79..423..
.637.5..2
..5936.4.
...4.7...
.873.146.
.....8...
.7.6531.4
9....457.
..4.79..8
Fixed Temporaly at (0,2) => 1
791.423..
.637.5..2
..5936.4.
...4.7...
.873.146.
.....8...
.7.6531.4
9....457.
..4.79..8
Fixed at (3,0) => 8
Fixed at (1,2) => 2
7918423..
.637.5..2
.25936.4.
...4.7...
.873.146.
.....8...
.7.6531.4
9....457.
..4.79..8
Fixed at (7,0) => 5
Fixed at (4,1) => 1
Fixed at (0,2) => 8
79184235.
.63715..2
825936.4.
...4.7...
.873.146.
.....8...
.7.6531.4
9....457.
..4.79..8
Fixed at (8,0) => 6
Fixed at (0,1) => 4
Fixed at (6,2) => 7
Fixed at (0,6) => 2
791842356
463715..2
82593674.
...4.7...
.873.146.
.....8...
27.6531.4
9....457.
..4.79..8
Fixed at (8,2) => 1
Fixed at (0,4) => 5
Fixed at (2,6) => 8
Fixed at (7,6) => 9
Fixed at (8,7) => 3
Fixed at (1,5) => 4
Fixed at (8,5) => 7
791842356
463715..2
825936741
...4.7...
5873.146.
.4...8..7
278653194
9....4573
..4.79..8
Fixed at (7,1) => 8
Fixed at (8,4) => 9
Fixed at (1,7) => 1
Fixed at (2,7) => 6
Fixed at (7,8) => 2
Fixed at (4,7) => 8
Fixed at (1,8) => 5
791842356
463715.82
825936741
...4.7...
5873.1469
.4...8..7
278653194
916.84573
.54.79.28
Fixed at (6,1) => 9
Fixed at (1,3) => 3
Fixed at (8,3) => 5
Fixed at (4,4) => 2
Fixed at (6,5) => 2
Fixed at (3,7) => 2
Fixed at (0,8) => 3
Fixed at (3,8) => 1
Fixed at (6,8) => 6
Fixed at (6,3) => 8
791842356
463715982
825936741
.3.4.78.5
587321469
.4...82.7
278653194
916284573
354179628
Fixed at (7,3) => 1
Fixed at (2,5) => 9
Fixed at (3,5) => 5
Fixed at (2,3) => 2
Fixed at (7,5) => 3
791842356
463715982
825936741
.324.7815
587321469
.495.8237
278653194
916284573
354179628
Fixed at (0,3) => 6
Fixed at (4,5) => 6
Fixed at (4,3) => 9
Fixed at (0,5) => 1
791842356
463715982
825936741
632497815
587321469
149568237
278653194
916284573
354179628
Solved
