9.6..781.
1...5..2.
...19.4.7
.....2.81
..46.85..
52.9.....
6.5.21...
.9..8...6
.874..1.3
Fixed at (8,0) => 5
Fixed at (8,1) => 9
Fixed at (8,5) => 4
Fixed at (0,8) => 2
Fixed at (4,8) => 6
Fixed at (8,6) => 8
9.6..7815
1...5..29
...19.4.7
.....2.81
..46.85..
52.9....4
6.5.21..8
.9..8...6
28746.1.3
Fixed at (8,4) => 2
Fixed at (5,5) => 3
Fixed at (1,2) => 5
9.6..7815
1...5..29
.5.19.4.7
.....2.81
..46.85.2
52.9.3..4
6.5.21..8
.9..8...6
28746.1.3
Fixed at (5,2) => 6
Fixed at (5,7) => 5
Fixed at (6,7) => 2
9.6..7815
1...5..29
.5.1964.7
.....2.81
..46.85.2
52.9.3..4
6.5.21..8
.9..852.6
28746.1.3
Fixed at (5,1) => 4
Fixed at (7,2) => 3
Fixed at (5,8) => 9
Fixed at (3,3) => 5
Fixed at (7,8) => 5
9.6..7815
1...54.29
.5.196437
...5.2.81
..46.85.2
52.9.3..4
6.5.21..8
.9..852.6
287469153
Fixed at (4,0) => 3
Fixed at (6,1) => 6
Fixed at (0,2) => 8
Fixed at (4,3) => 4
9.6.37815
1...54629
85.196437
...542.81
..46.85.2
52.9.3..4
6.5.21..8
.9..852.6
287469153
Fixed at (1,0) => 4
Fixed at (3,0) => 2
Fixed at (2,1) => 3
Fixed at (3,1) => 8
Fixed at (2,2) => 2
Fixed at (6,5) => 7
Fixed at (2,5) => 8
946237815
1.3854629
852196437
...542.81
..46.85.2
5289.37.4
6.5.21..8
.9..852.6
287469153
Fixed at (1,1) => 7
Fixed at (2,3) => 9
Fixed at (7,4) => 9
Fixed at (4,5) => 1
Fixed at (7,5) => 6
Fixed at (1,6) => 3
Fixed at (6,6) => 9
Fixed at (2,7) => 1
946237815
173854629
852196437
..9542.81
..46.8592
528913764
635.219.8
.91.852.6
287469153
Fixed at (1,3) => 6
Fixed at (6,3) => 3
Fixed at (1,4) => 1
Fixed at (4,4) => 7
Fixed at (3,6) => 7
Fixed at (0,7) => 4
Fixed at (3,7) => 3
946237815
173854629
852196437
.69542381
.14678592
528913764
6357219.8
4913852.6
287469153
Fixed at (0,3) => 7
Fixed at (0,4) => 3
Fixed at (7,6) => 4
Fixed at (7,7) => 7
946237815
173854629
852196437
769542381
314678592
528913764
635721948
491385276
287469153
Solved
