.6.59..8.
97.6....2
.43..1...
..7....29
..9...5..
41....7..
...1..97.
7....6.18
.8..75.6.
Fixed at (6,2) => 6
Fixed at (7,5) => 3
Fixed at (7,2) => 9
.6.59..8.
97.6....2
.43..169.
..7....29
..9...5..
41....73.
...1..97.
7....6.18
.8..75.6.
Fixed at (7,4) => 4
Fixed at (8,5) => 6
.6.59..8.
97.6....2
.43..169.
..7....29
..9...54.
41....736
...1..97.
7....6.18
.8..75.6.
Fixed at (7,1) => 5
Fixed at (8,4) => 1
.6.59..8.
97.6...52
.43..169.
..7....29
..9...541
41....736
...1..97.
7....6.18
.8..75.6.
Fixed at (8,2) => 7
Fixed at (6,3) => 8
Fixed at (4,3) => 1
.6.59..8.
97.6...52
.43..1697
..7.1.829
..9...541
41....736
...1..97.
7....6.18
.8..75.6.
Fixed Temporaly at (0,0) => 1
16.59..8.
97.6...52
.43..1697
..7.1.829
..9...541
41....736
...1..97.
7....6.18
.8..75.6.
Fixed at (2,0) => 2
Fixed at (2,1) => 8
Fixed at (6,1) => 1
Fixed at (2,8) => 1
16259..8.
9786..152
.43..1697
..7.1.829
..9...541
41....736
...1..97.
7....6.18
.81.75.6.
Fixed at (0,2) => 5
Fixed at (2,5) => 5
16259..8.
9786..152
543..1697
..7.1.829
..9...541
415...736
...1..97.
7....6.18
.81.75.6.
Fixed at (1,3) => 3
Fixed at (2,7) => 4
Fixed at (4,3) => 5
Temporaly-fixing failed
Fixed Temporaly at (0,0) => 2
26.59..8.
97.6...52
.43..1697
..7.1.829
..9...541
41....736
...1..97.
7....6.18
.8..75.6.
Fixed at (2,0) => 1
26159..8.
97.6...52
.43..1697
..7.1.829
..9...541
41....736
...1..97.
7....6.18
.8..75.6.
Fixed at (2,1) => 8
Fixed at (6,1) => 1
Fixed at (0,8) => 1
26159..8.
9786..152
.43..1697
..7.1.829
..9...541
41....736
...1..97.
7....6.18
18..75.6.
Fixed at (0,2) => 5
26159..8.
9786..152
543..1697
..7.1.829
..9...541
41....736
...1..97.
7....6.18
18..75.6.
Fixed Temporaly at (0,5) => 3
261593.8.
9786..152
543..1697
..7.1.829
..9...541
41....736
...1..97.
7....6.18
18..75.6.
Fixed at (6,0) => 4
Fixed at (8,0) => 4
Fixed at (4,1) => 4
Fixed at (5,1) => 4
Fixed at (5,3) => 4
261593484
978644152
543..1697
..7.14829
..9...541
41....736
...1..97.
7....6.18
18..75.6.
Fixed at (3,3) => 3
Fixed at (8,8) => 3
Temporaly-fixing failed
Fixed Temporaly at (0,5) => 4
261594.8.
9786..152
543..1697
..7.1.829
..9...541
41....736
...1..97.
7....6.18
18..75.6.
Fixed at (6,0) => 3
Fixed at (8,0) => 3
Fixed at (4,1) => 3
Fixed at (5,1) => 3
Fixed at (5,3) => 3
261594383
978633152
543..1697
..7.13829
..9...541
41....736
...1..97.
7....6.18
18..75.6.
Fixed at (0,3) => 6
Fixed at (1,3) => 5
Fixed at (3,3) => 4
Fixed at (8,8) => 4
Temporaly-fixing failed
Fixed Temporaly at (0,5) => 7
261597.8.
9786..152
543..1697
..7.1.829
..9...541
41....736
...1..97.
7....6.18
18..75.6.
Fixed at (3,4) => 7
261597.8.
9786..152
543..1697
..7.1.829
..97..541
41....736
...1..97.
7....6.18
18..75.6.
Fixed Temporaly at (0,6) => 3
26159738.
9786..152
543..1697
..7.1.829
..97..541
41....736
...1..97.
7....6.18
18..75.6.
Fixed at (8,0) => 4
261597384
9786..152
543..1697
..7.1.829
..97..541
41....736
...1..97.
7....6.18
18..75.6.
Fixed at (8,8) => 3
261597384
9786..152
543..1697
..7.1.829
..97..541
41....736
...1..97.
7....6.18
18..75.63
Fixed at (8,6) => 5
261597384
9786..152
543..1697
..7.1.829
..97..541
41....736
...1..975
7....6.18
18..75.63
Fixed Temporaly at (1,4) => 3
261597384
97863.152
543..1697
..7.1.829
..97..541
41....736
...1..975
7....6.18
18..75.63
Fixed at (5,1) => 4
261597384
978634152
543..1697
..7.1.829
..97..541
41....736
...1..975
7....6.18
18..75.63
Fixed at (5,3) => 3
261597384
978634152
543..1697
..7.13829
..97..541
41....736
...1..975
7....6.18
18..75.63
Fixed at (0,3) => 6
Fixed at (1,3) => 5
Fixed at (3,3) => 4
261597384
978634152
543..1697
657413829
..97..541
41....736
...1..975
7....6.18
18..75.63
Fixed at (2,5) => 2
Fixed at (0,6) => 3
Fixed at (4,4) => 6
Fixed at (4,5) => 5
Fixed at (2,6) => 6
Fixed at (2,7) => 5
261597384
978634152
543..1697
657413829
..976.541
412.5.736
3.61..975
7.5..6.18
18..75.63
Fixed at (0,4) => 8
Fixed at (1,4) => 3
Fixed at (1,6) => 2
Fixed at (2,8) => 4
Fixed at (3,7) => 3
261597384
978634152
543..1697
657413829
83976.541
412.5.736
3261..975
7.53.6.18
184.75.63
Fixed at (5,4) => 2
Fixed at (5,6) => 8
Fixed at (1,7) => 9
Fixed at (6,8) => 2
261597384
978634152
543..1697
657413829
839762541
412.5.736
3261.8975
7953.6.18
184.75263
Fixed at (5,5) => 9
Fixed at (4,6) => 4
Fixed at (6,7) => 4
Fixed at (3,8) => 9
261597384
978634152
543..1697
657413829
839762541
412.59736
326148975
7953.6418
184975263
Fixed at (3,5) => 8
Fixed at (4,7) => 2
261597384
978634152
543..1697
657413829
839762541
412859736
326148975
795326418
184975263
Fixed at (3,2) => 2
Fixed at (4,2) => 8
261597384
978634152
543281697
657413829
839762541
412859736
326148975
795326418
184975263
Solved
