29.....3.
.5..182..
7..2.....
41......8
.3..6..1.
9......54
.....4..1
..258..9.
.8.....25
Fixed Temporaly at (0,2) => 1
291....3.
.5..182..
7..2.....
41......8
.3..6..1.
9......54
.....4..1
..258..9.
.8.....25
Fixed at (6,2) => 1
291....3.
.5..182..
7..2..1..
41......8
.3..6..1.
9......54
.....4..1
..258..9.
.8.....25
Fixed Temporaly at (0,3) => 4
2914...3.
.5..182..
7..2..1..
41......8
.3..6..1.
9......54
.....4..1
..258..9.
.8.....25
Fixed at (4,4) => 4
Temporaly-fixing failed
Fixed Temporaly at (0,3) => 6
2916...3.
.5..182..
7..2..1..
41......8
.3..6..1.
9......54
.....4..1
..258..9.
.8.....25
Fixed at (8,0) => 7
2916...37
.5..182..
7..2..1..
41......8
.3..6..1.
9......54
.....4..1
..258..9.
.8.....25
Fixed at (5,0) => 5
2916.5.37
.5..182..
7..2..1..
41......8
.3..6..1.
9......54
.....4..1
..258..9.
.8.....25
Fixed at (4,0) => 4
Fixed at (6,2) => 5
Temporaly-fixing failed
Fixed Temporaly at (0,3) => 7
2917...3.
.5..182..
7..2..1..
41......8
.3..6..1.
9......54
.....4..1
..258..9.
.8.....25
Fixed at (8,0) => 6
2917...36
.5..182..
7..2..1..
41......8
.3..6..1.
9......54
.....4..1
..258..9.
.8.....25
Fixed at (5,0) => 5
Fixed at (8,2) => 9
2917.5.36
.5..182..
7..2..1.9
41......8
.3..6..1.
9......54
.....4..1
..258..9.
.8.....25
Fixed at (4,0) => 4
Fixed at (8,1) => 7
Fixed at (6,2) => 5
Temporaly-fixing failed
Temporaly-fixing failed
Fixed Temporaly at (0,2) => 4
294....3.
.5..182..
7..2.....
41......8
.3..6..1.
9......54
.....4..1
..258..9.
.8.....25
Fixed at (1,2) => 6
294....3.
.5..182..
76.2.....
41......8
.3..6..1.
9......54
.....4..1
..258..9.
.8.....25
Fixed at (0,1) => 3
Fixed at (2,1) => 3
Fixed at (8,2) => 9
Fixed at (1,6) => 7
294....3.
353.182..
76.2....9
41......8
.3..6..1.
9......54
.7...4..1
..258..9.
.8.....25
Fixed at (1,5) => 2
Fixed at (1,7) => 4
Temporaly-fixing failed
Fixed Temporaly at (0,2) => 6
296....3.
.5..182..
7..2.....
41......8
.3..6..1.
9......54
.....4..1
..258..9.
.8.....25
Fixed at (8,0) => 7
Fixed at (0,1) => 3
Fixed at (1,2) => 4
296....37
35..182..
74.2.....
41......8
.3..6..1.
9......54
.....4..1
..258..9.
.8.....25
Fixed at (3,0) => 4
Fixed at (5,0) => 5
Temporaly-fixing failed
Fixed Temporaly at (0,2) => 8
298....3.
.5..182..
7..2.....
41......8
.3..6..1.
9......54
.....4..1
..258..9.
.8.....25
Fixed Temporaly at (0,3) => 4
2984...3.
.5..182..
7..2.....
41......8
.3..6..1.
9......54
.....4..1
..258..9.
.8.....25
Fixed at (4,4) => 4
Temporaly-fixing failed
Fixed Temporaly at (0,3) => 6
2986...3.
.5..182..
7..2.....
41......8
.3..6..1.
9......54
.....4..1
..258..9.
.8.....25
Fixed at (8,0) => 7
2986...37
.5..182..
7..2.....
41......8
.3..6..1.
9......54
.....4..1
..258..9.
.8.....25
Fixed at (5,0) => 5
2986.5.37
.5..182..
7..2.....
41......8
.3..6..1.
9......54
.....4..1
..258..9.
.8.....25
Fixed at (4,0) => 4
Fixed at (6,2) => 5
298645.37
.5..182..
7..2..5..
41......8
.3..6..1.
9......54
.....4..1
..258..9.
.8.....25
Fixed at (6,0) => 1
Fixed at (3,4) => 4
298645137
.5..182..
7..2..5..
41......8
.3.46..1.
9......54
.....4..1
..258..9.
.8.....25
Fixed Temporaly at (1,0) => 3
298645137
35..182..
7..2..5..
41......8
.3.46..1.
9......54
.....4..1
..258..9.
.8.....25
Fixed Temporaly at (1,2) => 4
298645137
354.182..
7..2..5..
41......8
.3.46..1.
9......54
.....4..1
..258..9.
.8.....25
Fixed at (7,1) => 6
Fixed at (1,2) => 6
298645137
354.1826.
76.2..5..
41......8
.3.46..1.
9......54
.....4..1
..258..9.
.8.....25
Fixed at (8,1) => 9
Fixed at (2,2) => 1
Fixed at (8,2) => 9
Fixed at (7,3) => 7
Fixed at (1,6) => 7
298645137
354.18269
7612..5.9
41.....78
.3.46..1.
9......54
.7...4..1
..258..9.
.8.....25
Fixed at (3,1) => 7
Fixed at (4,2) => 3
Fixed at (5,2) => 3
Fixed at (6,4) => 9
Fixed at (8,4) => 2
Fixed at (1,5) => 2
Fixed at (7,6) => 8
Fixed at (1,7) => 4
Temporaly-fixing failed
Fixed Temporaly at (1,2) => 6
298645137
356.182..
7..2..5..
41......8
.3.46..1.
9......54
.....4..1
..258..9.
.8.....25
Fixed at (7,1) => 4
Fixed at (8,1) => 9
Fixed at (1,2) => 4
Fixed at (2,5) => 7
298645137
356.18249
74.2..5..
41......8
.3.46..1.
9.7....54
.....4..1
..258..9.
.8.....25
Fixed at (3,1) => 7
Fixed at (2,2) => 1
Fixed at (8,2) => 6
Fixed at (2,3) => 5
Fixed at (2,4) => 5
Fixed at (8,4) => 2
298645137
356718249
7412..5.6
415.....8
.3546..12
9.7....54
.....4..1
..258..9.
.8.....25
Fixed at (7,2) => 8
Fixed at (0,4) => 8
Fixed at (8,7) => 3
Fixed at (0,6) => 5
Temporaly-fixing failed
Temporaly-fixing failed
Fixed Temporaly at (1,0) => 6
298645137
65..182..
7..2..5..
41......8
.3.46..1.
9......54
.....4..1
..258..9.
.8.....25
Fixed at (7,1) => 4
Fixed at (8,1) => 9
Fixed at (1,2) => 4
298645137
65..18249
74.2..5..
41......8
.3.46..1.
9......54
.....4..1
..258..9.
.8.....25
Fixed at (2,1) => 3
Fixed at (8,2) => 6
Fixed at (8,4) => 2
298645137
653.18249
74.2..5.6
41......8
.3.46..12
9......54
.....4..1
..258..9.
.8.....25
Fixed at (3,1) => 7
Fixed at (2,2) => 1
Fixed at (7,2) => 8
Fixed at (8,7) => 3
298645137
653718249
7412..586
41......8
.3.46..12
9......54
.....4..1
..258..93
.8.....25
Fixed at (0,7) => 1
Fixed at (6,6) => 8
298645137
653718249
7412..586
41......8
.3.46..12
9......54
.....48.1
1.258..93
.8.....25
Fixed at (0,8) => 3
298645137
653718249
7412..586
41......8
.3.46..12
9......54
.....48.1
1.258..93
38.....25
Fixed at (0,6) => 5
298645137
653718249
7412..586
41......8
.3.46..12
9......54
5....48.1
1.258..93
38.....25
Fixed at (0,4) => 8
298645137
653718249
7412..586
41......8
83.46..12
9......54
5....48.1
1.258..93
38.....25
Fixed at (3,5) => 8
298645137
653718249
7412..586
41......8
83.46..12
9..8...54
5....48.1
1.258..93
38.....25
Fixed Temporaly at (2,4) => 3
298645137
653718249
74123.586
41......8
83.46..12
9..8...54
5....48.1
1.258..93
38.....25
Fixed at (5,2) => 9
298645137
653718249
741239586
41......8
83.46..12
9..8...54
5....48.1
1.258..93
38.....25
Fixed at (5,4) => 7
298645137
653718249
741239586
41......8
83.467.12
9..8...54
5....48.1
1.258..93
38.....25
Fixed at (2,4) => 5
Fixed at (6,4) => 9
Fixed at (4,5) => 2
Fixed at (5,7) => 6
298645137
653718249
741239586
41......8
835467912
9..82..54
5....48.1
1.2586.93
38.....25
Fixed at (5,3) => 3
Fixed at (1,7) => 7
Fixed at (5,8) => 1
Fixed at (1,3) => 2
Fixed at (4,3) => 5
Fixed at (5,6) => 2
Temporaly-fixing failed
Fixed Temporaly at (2,4) => 9
298645137
653718249
74129.586
41......8
83.46..12
9..8...54
5....48.1
1.258..93
38.....25
Fixed at (5,2) => 3
Fixed at (4,8) => 7
298645137
653718249
741293586
41......8
83.46..12
9..8...54
5....48.1
1.258..93
38..7..25
Fixed at (5,7) => 6
298645137
653718249
741293586
41......8
83.46..12
9..8...54
5....48.1
1.2586.93
38..7..25
Fixed at (1,7) => 7
298645137
653718249
741293586
41......8
83.46..12
9..8...54
5....48.1
172586.93
38..7..25
Fixed at (1,6) => 6
Fixed at (6,7) => 4
298645137
653718249
741293586
41......8
83.46..12
9..8...54
56...48.1
172586493
38..7..25
Fixed at (1,5) => 2
Fixed at (2,6) => 9
Fixed at (7,6) => 7
Fixed at (6,8) => 6
Fixed at (2,8) => 4
298645137
653718249
741293586
41......8
83.46..12
92.8...54
569..4871
172586493
384.7.625
Fixed at (7,3) => 6
Fixed at (4,5) => 3
Fixed at (3,6) => 3
298645137
653718249
741293586
41.....68
83.46..12
92.83..54
5693.4871
172586493
384.7.625
Fixed at (3,3) => 9
Fixed at (6,5) => 7
Fixed at (4,6) => 2
Fixed at (6,3) => 3
Fixed at (2,5) => 6
298645137
653718249
741293586
41.9..368
83.46..12
92683.754
569324871
172586493
384.7.625
Fixed at (4,3) => 5
Fixed at (5,4) => 7
Fixed at (6,4) => 9
Fixed at (5,5) => 1
Fixed at (3,8) => 1
Fixed at (5,3) => 2
Fixed at (5,8) => 9
298645137
653718249
741293586
41.952368
83.467912
926831754
569324871
172586493
384179625
Fixed at (2,3) => 7
Fixed at (2,4) => 5
298645137
653718249
741293586
417952368
835467912
926831754
569324871
172586493
384179625
Solved
